{"C:\\Users\\User\\Desktop\\BOOT-CAMP\\way-farer\\server\\test\\index.js":{"path":"C:\\Users\\User\\Desktop\\BOOT-CAMP\\way-farer\\server\\test\\index.js","statementMap":{"0":{"start":{"line":3,"column":12},"end":{"line":3,"column":51}},"1":{"start":{"line":5,"column":16},"end":{"line":5,"column":60}},"2":{"start":{"line":7,"column":11},"end":{"line":7,"column":55}},"3":{"start":{"line":9,"column":39},"end":{"line":9,"column":95}},"4":{"start":{"line":12,"column":13},"end":{"line":12,"column":36}},"5":{"start":{"line":14,"column":0},"end":{"line":14,"column":43}},"6":{"start":{"line":16,"column":0},"end":{"line":34,"column":3}},"7":{"start":{"line":17,"column":2},"end":{"line":24,"column":5}},"8":{"start":{"line":18,"column":4},"end":{"line":23,"column":7}},"9":{"start":{"line":19,"column":6},"end":{"line":19,"column":42}},"10":{"start":{"line":20,"column":6},"end":{"line":20,"column":13}},"11":{"start":{"line":22,"column":6},"end":{"line":22,"column":25}},"12":{"start":{"line":25,"column":2},"end":{"line":33,"column":5}},"13":{"start":{"line":26,"column":4},"end":{"line":32,"column":7}},"14":{"start":{"line":27,"column":6},"end":{"line":27,"column":42}},"15":{"start":{"line":28,"column":6},"end":{"line":28,"column":49}},"16":{"start":{"line":29,"column":6},"end":{"line":29,"column":13}},"17":{"start":{"line":31,"column":6},"end":{"line":31,"column":25}}},"fnMap":{"0":{"name":"_interopRequireDefault","decl":{"start":{"line":9,"column":9},"end":{"line":9,"column":31}},"loc":{"start":{"line":9,"column":37},"end":{"line":9,"column":97}},"line":9},"1":{"name":"(anonymous_1)","decl":{"start":{"line":16,"column":21},"end":{"line":16,"column":22}},"loc":{"start":{"line":16,"column":33},"end":{"line":34,"column":1}},"line":16},"2":{"name":"(anonymous_2)","decl":{"start":{"line":17,"column":37},"end":{"line":17,"column":38}},"loc":{"start":{"line":17,"column":53},"end":{"line":24,"column":3}},"line":17},"3":{"name":"(anonymous_3)","decl":{"start":{"line":18,"column":60},"end":{"line":18,"column":61}},"loc":{"start":{"line":18,"column":75},"end":{"line":21,"column":5}},"line":18},"4":{"name":"(anonymous_4)","decl":{"start":{"line":21,"column":16},"end":{"line":21,"column":17}},"loc":{"start":{"line":21,"column":33},"end":{"line":23,"column":5}},"line":21},"5":{"name":"(anonymous_5)","decl":{"start":{"line":25,"column":45},"end":{"line":25,"column":46}},"loc":{"start":{"line":25,"column":61},"end":{"line":33,"column":3}},"line":25},"6":{"name":"(anonymous_6)","decl":{"start":{"line":26,"column":71},"end":{"line":26,"column":72}},"loc":{"start":{"line":26,"column":86},"end":{"line":30,"column":5}},"line":26},"7":{"name":"(anonymous_7)","decl":{"start":{"line":30,"column":16},"end":{"line":30,"column":17}},"loc":{"start":{"line":30,"column":33},"end":{"line":32,"column":5}},"line":30}},"branchMap":{"0":{"loc":{"start":{"line":9,"column":46},"end":{"line":9,"column":94}},"type":"cond-expr","locations":[{"start":{"line":9,"column":70},"end":{"line":9,"column":73}},{"start":{"line":9,"column":76},"end":{"line":9,"column":94}}],"line":9},"1":{"loc":{"start":{"line":9,"column":46},"end":{"line":9,"column":67}},"type":"binary-expr","locations":[{"start":{"line":9,"column":46},"end":{"line":9,"column":49}},{"start":{"line":9,"column":53},"end":{"line":9,"column":67}}],"line":9}},"s":{"0":1,"1":1,"2":1,"3":3,"4":1,"5":1,"6":1,"7":1,"8":1,"9":1,"10":1,"11":0,"12":1,"13":1,"14":1,"15":1,"16":1,"17":0},"f":{"0":3,"1":1,"2":1,"3":1,"4":0,"5":1,"6":1,"7":0},"b":{"0":[1,2],"1":[3,3]},"_coverageSchema":"43e27e138ebf9cfc5966b082cf9a028302ed4184","hash":"9ebfbd708463946badce963eeb7e0a1665459199","contentHash":"e3dc5309acda9dacbebef2bdc865086243f88532fcb405273ba02636c7a2d841"},"C:\\Users\\User\\Desktop\\BOOT-CAMP\\way-farer\\app.js":{"path":"C:\\Users\\User\\Desktop\\BOOT-CAMP\\way-farer\\app.js","statementMap":{"0":{"start":{"line":3,"column":0},"end":{"line":5,"column":3}},"1":{"start":{"line":6,"column":0},"end":{"line":6,"column":28}},"2":{"start":{"line":8,"column":0},"end":{"line":8,"column":25}},"3":{"start":{"line":10,"column":15},"end":{"line":10,"column":57}},"4":{"start":{"line":12,"column":18},"end":{"line":12,"column":64}},"5":{"start":{"line":14,"column":24},"end":{"line":14,"column":77}},"6":{"start":{"line":16,"column":0},"end":{"line":16,"column":27}},"7":{"start":{"line":18,"column":15},"end":{"line":18,"column":64}},"8":{"start":{"line":20,"column":13},"end":{"line":20,"column":69}},"9":{"start":{"line":22,"column":12},"end":{"line":22,"column":67}},"10":{"start":{"line":24,"column":12},"end":{"line":24,"column":67}},"11":{"start":{"line":26,"column":16},"end":{"line":26,"column":75}},"12":{"start":{"line":28,"column":39},"end":{"line":28,"column":95}},"13":{"start":{"line":35,"column":10},"end":{"line":35,"column":36}},"14":{"start":{"line":36,"column":0},"end":{"line":36,"column":39}},"15":{"start":{"line":37,"column":0},"end":{"line":39,"column":4}},"16":{"start":{"line":41,"column":0},"end":{"line":41,"column":37}},"17":{"start":{"line":42,"column":0},"end":{"line":42,"column":37}},"18":{"start":{"line":43,"column":0},"end":{"line":43,"column":41}},"19":{"start":{"line":44,"column":0},"end":{"line":44,"column":38}},"20":{"start":{"line":46,"column":0},"end":{"line":51,"column":3}},"21":{"start":{"line":47,"column":2},"end":{"line":50,"column":5}},"22":{"start":{"line":53,"column":0},"end":{"line":53,"column":110}},"23":{"start":{"line":54,"column":11},"end":{"line":54,"column":35}},"24":{"start":{"line":55,"column":0},"end":{"line":57,"column":3}},"25":{"start":{"line":56,"column":2},"end":{"line":56,"column":54}},"26":{"start":{"line":58,"column":15},"end":{"line":58,"column":18}},"27":{"start":{"line":59,"column":0},"end":{"line":59,"column":30}}},"fnMap":{"0":{"name":"_interopRequireDefault","decl":{"start":{"line":28,"column":9},"end":{"line":28,"column":31}},"loc":{"start":{"line":28,"column":37},"end":{"line":28,"column":97}},"line":28},"1":{"name":"(anonymous_1)","decl":{"start":{"line":46,"column":13},"end":{"line":46,"column":14}},"loc":{"start":{"line":46,"column":33},"end":{"line":51,"column":1}},"line":46},"2":{"name":"(anonymous_2)","decl":{"start":{"line":55,"column":17},"end":{"line":55,"column":18}},"loc":{"start":{"line":55,"column":29},"end":{"line":57,"column":1}},"line":55}},"branchMap":{"0":{"loc":{"start":{"line":28,"column":46},"end":{"line":28,"column":94}},"type":"cond-expr","locations":[{"start":{"line":28,"column":70},"end":{"line":28,"column":73}},{"start":{"line":28,"column":76},"end":{"line":28,"column":94}}],"line":28},"1":{"loc":{"start":{"line":28,"column":46},"end":{"line":28,"column":67}},"type":"binary-expr","locations":[{"start":{"line":28,"column":46},"end":{"line":28,"column":49}},{"start":{"line":28,"column":53},"end":{"line":28,"column":67}}],"line":28},"2":{"loc":{"start":{"line":54,"column":11},"end":{"line":54,"column":35}},"type":"binary-expr","locations":[{"start":{"line":54,"column":11},"end":{"line":54,"column":27}},{"start":{"line":54,"column":31},"end":{"line":54,"column":35}}],"line":54}},"s":{"0":1,"1":1,"2":1,"3":1,"4":1,"5":1,"6":1,"7":1,"8":1,"9":1,"10":1,"11":1,"12":8,"13":1,"14":1,"15":1,"16":1,"17":1,"18":1,"19":1,"20":1,"21":1,"22":1,"23":1,"24":1,"25":1,"26":1,"27":1},"f":{"0":8,"1":1,"2":1},"b":{"0":[4,4],"1":[8,8],"2":[1,1]},"_coverageSchema":"43e27e138ebf9cfc5966b082cf9a028302ed4184","hash":"fe1bd98c295b7a47965c0e8c36d96729a67c2575","contentHash":"a6cc649a1e27a8ef1787f29cfc4ac40f050cd3c48f25b3bf826e3ae6c560c06b"},"C:\\Users\\User\\Desktop\\BOOT-CAMP\\way-farer\\server\\routes\\entry.js":{"path":"C:\\Users\\User\\Desktop\\BOOT-CAMP\\way-farer\\server\\routes\\entry.js","statementMap":{"0":{"start":{"line":3,"column":0},"end":{"line":5,"column":3}},"1":{"start":{"line":6,"column":0},"end":{"line":6,"column":28}},"2":{"start":{"line":8,"column":15},"end":{"line":8,"column":57}},"3":{"start":{"line":10,"column":39},"end":{"line":10,"column":95}},"4":{"start":{"line":12,"column":20},"end":{"line":12,"column":48}},"5":{"start":{"line":18,"column":0},"end":{"line":22,"column":3}},"6":{"start":{"line":19,"column":2},"end":{"line":21,"column":5}},"7":{"start":{"line":23,"column":15},"end":{"line":23,"column":28}},"8":{"start":{"line":24,"column":0},"end":{"line":24,"column":30}}},"fnMap":{"0":{"name":"_interopRequireDefault","decl":{"start":{"line":10,"column":9},"end":{"line":10,"column":31}},"loc":{"start":{"line":10,"column":37},"end":{"line":10,"column":97}},"line":10},"1":{"name":"(anonymous_1)","decl":{"start":{"line":18,"column":23},"end":{"line":18,"column":24}},"loc":{"start":{"line":18,"column":43},"end":{"line":22,"column":1}},"line":18}},"branchMap":{"0":{"loc":{"start":{"line":10,"column":46},"end":{"line":10,"column":94}},"type":"cond-expr","locations":[{"start":{"line":10,"column":70},"end":{"line":10,"column":73}},{"start":{"line":10,"column":76},"end":{"line":10,"column":94}}],"line":10},"1":{"loc":{"start":{"line":10,"column":46},"end":{"line":10,"column":67}},"type":"binary-expr","locations":[{"start":{"line":10,"column":46},"end":{"line":10,"column":49}},{"start":{"line":10,"column":53},"end":{"line":10,"column":67}}],"line":10}},"s":{"0":1,"1":1,"2":1,"3":1,"4":1,"5":1,"6":1,"7":1,"8":1},"f":{"0":1,"1":1},"b":{"0":[0,1],"1":[1,1]},"_coverageSchema":"43e27e138ebf9cfc5966b082cf9a028302ed4184","hash":"90ecce1d23323afef58ffb4ce9dcd9d0d2706265","contentHash":"883d93707510da5ff4c350f9c2e70c05599f335321801747539e6b5ce10b2f4f"},"C:\\Users\\User\\Desktop\\BOOT-CAMP\\way-farer\\server\\routes\\user.js":{"path":"C:\\Users\\User\\Desktop\\BOOT-CAMP\\way-farer\\server\\routes\\user.js","statementMap":{"0":{"start":{"line":3,"column":0},"end":{"line":5,"column":3}},"1":{"start":{"line":6,"column":0},"end":{"line":6,"column":28}},"2":{"start":{"line":8,"column":15},"end":{"line":8,"column":57}},"3":{"start":{"line":10,"column":22},"end":{"line":10,"column":86}},"4":{"start":{"line":12,"column":22},"end":{"line":12,"column":86}},"5":{"start":{"line":14,"column":39},"end":{"line":14,"column":95}},"6":{"start":{"line":16,"column":13},"end":{"line":16,"column":46}},"7":{"start":{"line":17,"column":13},"end":{"line":17,"column":46}},"8":{"start":{"line":18,"column":22},"end":{"line":18,"column":64}},"9":{"start":{"line":19,"column":22},"end":{"line":19,"column":64}},"10":{"start":{"line":21,"column":17},"end":{"line":21,"column":45}},"11":{"start":{"line":23,"column":0},"end":{"line":23,"column":57}},"12":{"start":{"line":24,"column":0},"end":{"line":24,"column":57}},"13":{"start":{"line":25,"column":15},"end":{"line":25,"column":25}},"14":{"start":{"line":26,"column":0},"end":{"line":26,"column":30}}},"fnMap":{"0":{"name":"_interopRequireDefault","decl":{"start":{"line":14,"column":9},"end":{"line":14,"column":31}},"loc":{"start":{"line":14,"column":37},"end":{"line":14,"column":97}},"line":14}},"branchMap":{"0":{"loc":{"start":{"line":14,"column":46},"end":{"line":14,"column":94}},"type":"cond-expr","locations":[{"start":{"line":14,"column":70},"end":{"line":14,"column":73}},{"start":{"line":14,"column":76},"end":{"line":14,"column":94}}],"line":14},"1":{"loc":{"start":{"line":14,"column":46},"end":{"line":14,"column":67}},"type":"binary-expr","locations":[{"start":{"line":14,"column":46},"end":{"line":14,"column":49}},{"start":{"line":14,"column":53},"end":{"line":14,"column":67}}],"line":14}},"s":{"0":1,"1":1,"2":1,"3":1,"4":1,"5":3,"6":1,"7":1,"8":1,"9":1,"10":1,"11":1,"12":1,"13":1,"14":1},"f":{"0":3},"b":{"0":[2,1],"1":[3,3]},"_coverageSchema":"43e27e138ebf9cfc5966b082cf9a028302ed4184","hash":"10d01d88b39cbe93df15dc831b5826eb8f031404","contentHash":"258bd6ec5b1c159c829c94f8c6401b67d89d57114ab39a16effa084acf865957"},"C:\\Users\\User\\Desktop\\BOOT-CAMP\\way-farer\\server\\controllers\\userController.js":{"path":"C:\\Users\\User\\Desktop\\BOOT-CAMP\\way-farer\\server\\controllers\\userController.js","statementMap":{"0":{"start":{"line":3,"column":0},"end":{"line":5,"column":3}},"1":{"start":{"line":6,"column":0},"end":{"line":6,"column":28}},"2":{"start":{"line":8,"column":16},"end":{"line":8,"column":35}},"3":{"start":{"line":10,"column":14},"end":{"line":10,"column":68}},"4":{"start":{"line":12,"column":12},"end":{"line":12,"column":66}},"5":{"start":{"line":14,"column":11},"end":{"line":14,"column":38}},"6":{"start":{"line":16,"column":39},"end":{"line":16,"column":95}},"7":{"start":{"line":18,"column":77},"end":{"line":18,"column":175}},"8":{"start":{"line":18,"column":94},"end":{"line":18,"column":107}},"9":{"start":{"line":18,"column":121},"end":{"line":18,"column":131}},"10":{"start":{"line":18,"column":151},"end":{"line":18,"column":165}},"11":{"start":{"line":18,"column":166},"end":{"line":18,"column":173}},"12":{"start":{"line":18,"column":176},"end":{"line":18,"column":263}},"13":{"start":{"line":18,"column":193},"end":{"line":18,"column":208}},"14":{"start":{"line":18,"column":218},"end":{"line":18,"column":261}},"15":{"start":{"line":20,"column":33},"end":{"line":20,"column":387}},"16":{"start":{"line":20,"column":65},"end":{"line":20,"column":69}},"17":{"start":{"line":20,"column":78},"end":{"line":20,"column":87}},"18":{"start":{"line":20,"column":89},"end":{"line":20,"column":384}},"19":{"start":{"line":20,"column":147},"end":{"line":20,"column":167}},"20":{"start":{"line":20,"column":193},"end":{"line":20,"column":264}},"21":{"start":{"line":20,"column":290},"end":{"line":20,"column":360}},"22":{"start":{"line":20,"column":363},"end":{"line":20,"column":380}},"23":{"start":{"line":22,"column":50},"end":{"line":22,"column":151}},"24":{"start":{"line":22,"column":92},"end":{"line":22,"column":149}},"25":{"start":{"line":24,"column":44},"end":{"line":24,"column":315}},"26":{"start":{"line":24,"column":57},"end":{"line":24,"column":58}},"27":{"start":{"line":24,"column":102},"end":{"line":24,"column":110}},"28":{"start":{"line":24,"column":112},"end":{"line":24,"column":167}},"29":{"start":{"line":24,"column":168},"end":{"line":24,"column":199}},"30":{"start":{"line":24,"column":200},"end":{"line":24,"column":254}},"31":{"start":{"line":24,"column":227},"end":{"line":24,"column":254}},"32":{"start":{"line":24,"column":255},"end":{"line":24,"column":313}},"33":{"start":{"line":26,"column":62},"end":{"line":26,"column":131}},"34":{"start":{"line":26,"column":78},"end":{"line":26,"column":131}},"35":{"start":{"line":26,"column":132},"end":{"line":26,"column":193}},"36":{"start":{"line":26,"column":149},"end":{"line":26,"column":193}},"37":{"start":{"line":26,"column":194},"end":{"line":26,"column":213}},"38":{"start":{"line":30,"column":0},"end":{"line":187,"column":3}},"39":{"start":{"line":32,"column":4},"end":{"line":32,"column":42}},"40":{"start":{"line":35,"column":2},"end":{"line":184,"column":6}},"41":{"start":{"line":47,"column":20},"end":{"line":89,"column":9}},"42":{"start":{"line":52,"column":8},"end":{"line":88,"column":37}},"43":{"start":{"line":53,"column":10},"end":{"line":87,"column":11}},"44":{"start":{"line":54,"column":12},"end":{"line":86,"column":13}},"45":{"start":{"line":56,"column":16},"end":{"line":56,"column":161}},"46":{"start":{"line":57,"column":16},"end":{"line":57,"column":95}},"47":{"start":{"line":58,"column":16},"end":{"line":58,"column":34}},"48":{"start":{"line":59,"column":16},"end":{"line":59,"column":34}},"49":{"start":{"line":60,"column":16},"end":{"line":60,"column":73}},"50":{"start":{"line":63,"column":16},"end":{"line":63,"column":37}},"51":{"start":{"line":64,"column":16},"end":{"line":64,"column":33}},"52":{"start":{"line":65,"column":16},"end":{"line":65,"column":35}},"53":{"start":{"line":66,"column":16},"end":{"line":66,"column":63}},"54":{"start":{"line":67,"column":16},"end":{"line":72,"column":20}},"55":{"start":{"line":75,"column":16},"end":{"line":75,"column":35}},"56":{"start":{"line":76,"column":16},"end":{"line":76,"column":51}},"57":{"start":{"line":77,"column":16},"end":{"line":77,"column":41}},"58":{"start":{"line":78,"column":16},"end":{"line":81,"column":20}},"59":{"start":{"line":85,"column":16},"end":{"line":85,"column":39}},"60":{"start":{"line":92,"column":8},"end":{"line":92,"column":46}},"61":{"start":{"line":95,"column":6},"end":{"line":95,"column":20}},"62":{"start":{"line":109,"column":20},"end":{"line":176,"column":9}},"63":{"start":{"line":114,"column":8},"end":{"line":175,"column":38}},"64":{"start":{"line":115,"column":10},"end":{"line":174,"column":11}},"65":{"start":{"line":116,"column":12},"end":{"line":173,"column":13}},"66":{"start":{"line":118,"column":16},"end":{"line":118,"column":35}},"67":{"start":{"line":119,"column":16},"end":{"line":119,"column":35}},"68":{"start":{"line":120,"column":16},"end":{"line":120,"column":90}},"69":{"start":{"line":123,"column":16},"end":{"line":123,"column":40}},"70":{"start":{"line":125,"column":16},"end":{"line":128,"column":17}},"71":{"start":{"line":126,"column":18},"end":{"line":126,"column":37}},"72":{"start":{"line":127,"column":18},"end":{"line":127,"column":24}},"73":{"start":{"line":130,"column":16},"end":{"line":133,"column":20}},"74":{"start":{"line":136,"column":16},"end":{"line":136,"column":105}},"75":{"start":{"line":138,"column":16},"end":{"line":141,"column":17}},"76":{"start":{"line":139,"column":18},"end":{"line":139,"column":37}},"77":{"start":{"line":140,"column":18},"end":{"line":140,"column":24}},"78":{"start":{"line":143,"column":16},"end":{"line":146,"column":20}},"79":{"start":{"line":149,"column":16},"end":{"line":149,"column":210}},"80":{"start":{"line":150,"column":16},"end":{"line":150,"column":74}},"81":{"start":{"line":151,"column":16},"end":{"line":160,"column":20}},"82":{"start":{"line":163,"column":16},"end":{"line":163,"column":36}},"83":{"start":{"line":164,"column":16},"end":{"line":164,"column":53}},"84":{"start":{"line":165,"column":16},"end":{"line":168,"column":20}},"85":{"start":{"line":172,"column":16},"end":{"line":172,"column":40}},"86":{"start":{"line":179,"column":8},"end":{"line":179,"column":46}},"87":{"start":{"line":182,"column":6},"end":{"line":182,"column":20}},"88":{"start":{"line":186,"column":2},"end":{"line":186,"column":24}},"89":{"start":{"line":189,"column":15},"end":{"line":189,"column":29}},"90":{"start":{"line":190,"column":0},"end":{"line":190,"column":30}}},"fnMap":{"0":{"name":"_interopRequireDefault","decl":{"start":{"line":16,"column":9},"end":{"line":16,"column":31}},"loc":{"start":{"line":16,"column":37},"end":{"line":16,"column":97}},"line":16},"1":{"name":"asyncGeneratorStep","decl":{"start":{"line":18,"column":9},"end":{"line":18,"column":27}},"loc":{"start":{"line":18,"column":75},"end":{"line":18,"column":265}},"line":18},"2":{"name":"_asyncToGenerator","decl":{"start":{"line":20,"column":9},"end":{"line":20,"column":26}},"loc":{"start":{"line":20,"column":31},"end":{"line":20,"column":389}},"line":20},"3":{"name":"(anonymous_3)","decl":{"start":{"line":20,"column":40},"end":{"line":20,"column":41}},"loc":{"start":{"line":20,"column":52},"end":{"line":20,"column":386}},"line":20},"4":{"name":"(anonymous_4)","decl":{"start":{"line":20,"column":108},"end":{"line":20,"column":109}},"loc":{"start":{"line":20,"column":135},"end":{"line":20,"column":382}},"line":20},"5":{"name":"_next","decl":{"start":{"line":20,"column":178},"end":{"line":20,"column":183}},"loc":{"start":{"line":20,"column":191},"end":{"line":20,"column":266}},"line":20},"6":{"name":"_throw","decl":{"start":{"line":20,"column":276},"end":{"line":20,"column":282}},"loc":{"start":{"line":20,"column":288},"end":{"line":20,"column":362}},"line":20},"7":{"name":"_classCallCheck","decl":{"start":{"line":22,"column":9},"end":{"line":22,"column":24}},"loc":{"start":{"line":22,"column":48},"end":{"line":22,"column":153}},"line":22},"8":{"name":"_defineProperties","decl":{"start":{"line":24,"column":9},"end":{"line":24,"column":26}},"loc":{"start":{"line":24,"column":42},"end":{"line":24,"column":317}},"line":24},"9":{"name":"_createClass","decl":{"start":{"line":26,"column":9},"end":{"line":26,"column":21}},"loc":{"start":{"line":26,"column":60},"end":{"line":26,"column":215}},"line":26},"10":{"name":"(anonymous_10)","decl":{"start":{"line":30,"column":0},"end":{"line":30,"column":1}},"loc":{"start":{"line":30,"column":12},"end":{"line":187,"column":1}},"line":30},"11":{"name":"UserController","decl":{"start":{"line":31,"column":11},"end":{"line":31,"column":25}},"loc":{"start":{"line":31,"column":28},"end":{"line":33,"column":3}},"line":31},"12":{"name":"(anonymous_12)","decl":{"start":{"line":46,"column":11},"end":{"line":46,"column":12}},"loc":{"start":{"line":46,"column":23},"end":{"line":96,"column":5}},"line":46},"13":{"name":"_callee","decl":{"start":{"line":49,"column":39},"end":{"line":49,"column":46}},"loc":{"start":{"line":49,"column":57},"end":{"line":89,"column":7}},"line":49},"14":{"name":"_callee$","decl":{"start":{"line":52,"column":48},"end":{"line":52,"column":56}},"loc":{"start":{"line":52,"column":67},"end":{"line":88,"column":9}},"line":52},"15":{"name":"signup","decl":{"start":{"line":91,"column":15},"end":{"line":91,"column":21}},"loc":{"start":{"line":91,"column":31},"end":{"line":93,"column":7}},"line":91},"16":{"name":"(anonymous_16)","decl":{"start":{"line":108,"column":11},"end":{"line":108,"column":12}},"loc":{"start":{"line":108,"column":23},"end":{"line":183,"column":5}},"line":108},"17":{"name":"_callee2","decl":{"start":{"line":111,"column":39},"end":{"line":111,"column":47}},"loc":{"start":{"line":111,"column":58},"end":{"line":176,"column":7}},"line":111},"18":{"name":"_callee2$","decl":{"start":{"line":114,"column":48},"end":{"line":114,"column":57}},"loc":{"start":{"line":114,"column":69},"end":{"line":175,"column":9}},"line":114},"19":{"name":"signin","decl":{"start":{"line":178,"column":15},"end":{"line":178,"column":21}},"loc":{"start":{"line":178,"column":32},"end":{"line":180,"column":7}},"line":178}},"branchMap":{"0":{"loc":{"start":{"line":16,"column":46},"end":{"line":16,"column":94}},"type":"cond-expr","locations":[{"start":{"line":16,"column":70},"end":{"line":16,"column":73}},{"start":{"line":16,"column":76},"end":{"line":16,"column":94}}],"line":16},"1":{"loc":{"start":{"line":16,"column":46},"end":{"line":16,"column":67}},"type":"binary-expr","locations":[{"start":{"line":16,"column":46},"end":{"line":16,"column":49}},{"start":{"line":16,"column":53},"end":{"line":16,"column":67}}],"line":16},"2":{"loc":{"start":{"line":18,"column":176},"end":{"line":18,"column":263}},"type":"if","locations":[{"start":{"line":18,"column":176},"end":{"line":18,"column":263}},{"start":{"line":18,"column":176},"end":{"line":18,"column":263}}],"line":18},"3":{"loc":{"start":{"line":22,"column":50},"end":{"line":22,"column":151}},"type":"if","locations":[{"start":{"line":22,"column":50},"end":{"line":22,"column":151}},{"start":{"line":22,"column":50},"end":{"line":22,"column":151}}],"line":22},"4":{"loc":{"start":{"line":24,"column":136},"end":{"line":24,"column":166}},"type":"binary-expr","locations":[{"start":{"line":24,"column":136},"end":{"line":24,"column":157}},{"start":{"line":24,"column":161},"end":{"line":24,"column":166}}],"line":24},"5":{"loc":{"start":{"line":24,"column":200},"end":{"line":24,"column":254}},"type":"if","locations":[{"start":{"line":24,"column":200},"end":{"line":24,"column":254}},{"start":{"line":24,"column":200},"end":{"line":24,"column":254}}],"line":24},"6":{"loc":{"start":{"line":26,"column":62},"end":{"line":26,"column":131}},"type":"if","locations":[{"start":{"line":26,"column":62},"end":{"line":26,"column":131}},{"start":{"line":26,"column":62},"end":{"line":26,"column":131}}],"line":26},"7":{"loc":{"start":{"line":26,"column":132},"end":{"line":26,"column":193}},"type":"if","locations":[{"start":{"line":26,"column":132},"end":{"line":26,"column":193}},{"start":{"line":26,"column":132},"end":{"line":26,"column":193}}],"line":26},"8":{"loc":{"start":{"line":54,"column":12},"end":{"line":86,"column":13}},"type":"switch","locations":[{"start":{"line":55,"column":14},"end":{"line":60,"column":73}},{"start":{"line":62,"column":14},"end":{"line":72,"column":20}},{"start":{"line":74,"column":14},"end":{"line":81,"column":20}},{"start":{"line":83,"column":14},"end":{"line":83,"column":22}},{"start":{"line":84,"column":14},"end":{"line":85,"column":39}}],"line":54},"9":{"loc":{"start":{"line":116,"column":12},"end":{"line":173,"column":13}},"type":"switch","locations":[{"start":{"line":117,"column":14},"end":{"line":120,"column":90}},{"start":{"line":122,"column":14},"end":{"line":133,"column":20}},{"start":{"line":135,"column":14},"end":{"line":146,"column":20}},{"start":{"line":148,"column":14},"end":{"line":160,"column":20}},{"start":{"line":162,"column":14},"end":{"line":168,"column":20}},{"start":{"line":170,"column":14},"end":{"line":170,"column":22}},{"start":{"line":171,"column":14},"end":{"line":172,"column":40}}],"line":116},"10":{"loc":{"start":{"line":125,"column":16},"end":{"line":128,"column":17}},"type":"if","locations":[{"start":{"line":125,"column":16},"end":{"line":128,"column":17}},{"start":{"line":125,"column":16},"end":{"line":128,"column":17}}],"line":125},"11":{"loc":{"start":{"line":138,"column":16},"end":{"line":141,"column":17}},"type":"if","locations":[{"start":{"line":138,"column":16},"end":{"line":141,"column":17}},{"start":{"line":138,"column":16},"end":{"line":141,"column":17}}],"line":138}},"s":{"0":1,"1":1,"2":1,"3":1,"4":1,"5":1,"6":2,"7":6,"8":6,"9":6,"10":0,"11":0,"12":6,"13":3,"14":3,"15":2,"16":3,"17":3,"18":3,"19":3,"20":6,"21":0,"22":3,"23":0,"24":0,"25":1,"26":1,"27":2,"28":2,"29":2,"30":2,"31":2,"32":2,"33":1,"34":0,"35":1,"36":1,"37":1,"38":1,"39":0,"40":1,"41":1,"42":1,"43":3,"44":3,"45":1,"46":1,"47":1,"48":1,"49":1,"50":1,"51":1,"52":1,"53":1,"54":1,"55":0,"56":0,"57":0,"58":0,"59":1,"60":1,"61":1,"62":1,"63":2,"64":6,"65":8,"66":2,"67":2,"68":2,"69":2,"70":2,"71":2,"72":2,"73":0,"74":2,"75":2,"76":0,"77":0,"78":2,"79":0,"80":0,"81":0,"82":0,"83":0,"84":0,"85":2,"86":2,"87":1,"88":1,"89":1,"90":1},"f":{"0":2,"1":6,"2":2,"3":3,"4":3,"5":6,"6":0,"7":0,"8":1,"9":1,"10":1,"11":0,"12":1,"13":1,"14":3,"15":1,"16":1,"17":2,"18":6,"19":2},"b":{"0":[2,0],"1":[2,2],"2":[3,3],"3":[0,0],"4":[2,2],"5":[2,0],"6":[0,1],"7":[1,0],"8":[1,1,0,0,1],"9":[2,2,2,0,0,0,2],"10":[2,0],"11":[0,2]},"_coverageSchema":"43e27e138ebf9cfc5966b082cf9a028302ed4184","hash":"7ee7930798d0ae3caefe2835990d0c687ec1087b","contentHash":"e93342787a6af7733a7cc047f29d9515a7a6f5148cf1ed81a53c88864711d70f"},"C:\\Users\\User\\Desktop\\BOOT-CAMP\\way-farer\\server\\config.js\\config.js":{"path":"C:\\Users\\User\\Desktop\\BOOT-CAMP\\way-farer\\server\\config.js\\config.js","statementMap":{"0":{"start":{"line":3,"column":0},"end":{"line":5,"column":3}},"1":{"start":{"line":6,"column":0},"end":{"line":6,"column":28}},"2":{"start":{"line":8,"column":0},"end":{"line":8,"column":25}},"3":{"start":{"line":10,"column":10},"end":{"line":10,"column":23}},"4":{"start":{"line":12,"column":23},"end":{"line":12,"column":43}},"5":{"start":{"line":13,"column":11},"end":{"line":15,"column":2}},"6":{"start":{"line":16,"column":15},"end":{"line":16,"column":19}},"7":{"start":{"line":17,"column":0},"end":{"line":17,"column":30}}},"fnMap":{},"branchMap":{},"s":{"0":1,"1":1,"2":1,"3":1,"4":1,"5":1,"6":1,"7":1},"f":{},"b":{},"_coverageSchema":"43e27e138ebf9cfc5966b082cf9a028302ed4184","hash":"c6e65c087544d08107f64349528637457707a00c","contentHash":"103022036e864ec0f6961298f59354a3367962ae387db8de7d16d0c11f0c9cb9"},"C:\\Users\\User\\Desktop\\BOOT-CAMP\\way-farer\\server\\middlewares\\auth.js":{"path":"C:\\Users\\User\\Desktop\\BOOT-CAMP\\way-farer\\server\\middlewares\\auth.js","statementMap":{"0":{"start":{"line":3,"column":0},"end":{"line":5,"column":3}},"1":{"start":{"line":6,"column":0},"end":{"line":6,"column":28}},"2":{"start":{"line":8,"column":0},"end":{"line":8,"column":25}},"3":{"start":{"line":10,"column":20},"end":{"line":10,"column":67}},"4":{"start":{"line":12,"column":15},"end":{"line":12,"column":69}},"5":{"start":{"line":14,"column":39},"end":{"line":14,"column":95}},"6":{"start":{"line":16,"column":77},"end":{"line":16,"column":175}},"7":{"start":{"line":16,"column":94},"end":{"line":16,"column":107}},"8":{"start":{"line":16,"column":121},"end":{"line":16,"column":131}},"9":{"start":{"line":16,"column":151},"end":{"line":16,"column":165}},"10":{"start":{"line":16,"column":166},"end":{"line":16,"column":173}},"11":{"start":{"line":16,"column":176},"end":{"line":16,"column":263}},"12":{"start":{"line":16,"column":193},"end":{"line":16,"column":208}},"13":{"start":{"line":16,"column":218},"end":{"line":16,"column":261}},"14":{"start":{"line":18,"column":33},"end":{"line":18,"column":387}},"15":{"start":{"line":18,"column":65},"end":{"line":18,"column":69}},"16":{"start":{"line":18,"column":78},"end":{"line":18,"column":87}},"17":{"start":{"line":18,"column":89},"end":{"line":18,"column":384}},"18":{"start":{"line":18,"column":147},"end":{"line":18,"column":167}},"19":{"start":{"line":18,"column":193},"end":{"line":18,"column":264}},"20":{"start":{"line":18,"column":290},"end":{"line":18,"column":360}},"21":{"start":{"line":18,"column":363},"end":{"line":18,"column":380}},"22":{"start":{"line":20,"column":50},"end":{"line":20,"column":151}},"23":{"start":{"line":20,"column":92},"end":{"line":20,"column":149}},"24":{"start":{"line":22,"column":44},"end":{"line":22,"column":315}},"25":{"start":{"line":22,"column":57},"end":{"line":22,"column":58}},"26":{"start":{"line":22,"column":102},"end":{"line":22,"column":110}},"27":{"start":{"line":22,"column":112},"end":{"line":22,"column":167}},"28":{"start":{"line":22,"column":168},"end":{"line":22,"column":199}},"29":{"start":{"line":22,"column":200},"end":{"line":22,"column":254}},"30":{"start":{"line":22,"column":227},"end":{"line":22,"column":254}},"31":{"start":{"line":22,"column":255},"end":{"line":22,"column":313}},"32":{"start":{"line":24,"column":62},"end":{"line":24,"column":131}},"33":{"start":{"line":24,"column":78},"end":{"line":24,"column":131}},"34":{"start":{"line":24,"column":132},"end":{"line":24,"column":193}},"35":{"start":{"line":24,"column":149},"end":{"line":24,"column":193}},"36":{"start":{"line":24,"column":194},"end":{"line":24,"column":213}},"37":{"start":{"line":32,"column":0},"end":{"line":157,"column":3}},"38":{"start":{"line":34,"column":4},"end":{"line":34,"column":42}},"39":{"start":{"line":37,"column":2},"end":{"line":154,"column":6}},"40":{"start":{"line":48,"column":18},"end":{"line":54,"column":8}},"41":{"start":{"line":56,"column":6},"end":{"line":56,"column":19}},"42":{"start":{"line":69,"column":25},"end":{"line":146,"column":9}},"43":{"start":{"line":74,"column":8},"end":{"line":145,"column":37}},"44":{"start":{"line":75,"column":10},"end":{"line":144,"column":11}},"45":{"start":{"line":76,"column":12},"end":{"line":143,"column":13}},"46":{"start":{"line":78,"column":16},"end":{"line":78,"column":60}},"47":{"start":{"line":80,"column":16},"end":{"line":83,"column":17}},"48":{"start":{"line":81,"column":18},"end":{"line":81,"column":36}},"49":{"start":{"line":82,"column":18},"end":{"line":82,"column":24}},"50":{"start":{"line":85,"column":16},"end":{"line":88,"column":20}},"51":{"start":{"line":91,"column":16},"end":{"line":91,"column":34}},"52":{"start":{"line":92,"column":16},"end":{"line":92,"column":34}},"53":{"start":{"line":93,"column":16},"end":{"line":93,"column":86}},"54":{"start":{"line":96,"column":16},"end":{"line":96,"column":40}},"55":{"start":{"line":97,"column":16},"end":{"line":97,"column":66}},"56":{"start":{"line":98,"column":16},"end":{"line":98,"column":35}},"57":{"start":{"line":99,"column":16},"end":{"line":99,"column":76}},"58":{"start":{"line":102,"column":16},"end":{"line":102,"column":37}},"59":{"start":{"line":103,"column":16},"end":{"line":103,"column":33}},"60":{"start":{"line":105,"column":16},"end":{"line":108,"column":17}},"61":{"start":{"line":106,"column":18},"end":{"line":106,"column":37}},"62":{"start":{"line":107,"column":18},"end":{"line":107,"column":24}},"63":{"start":{"line":110,"column":16},"end":{"line":113,"column":20}},"64":{"start":{"line":117,"column":16},"end":{"line":117,"column":35}},"65":{"start":{"line":118,"column":16},"end":{"line":118,"column":57}},"66":{"start":{"line":121,"column":16},"end":{"line":121,"column":35}},"67":{"start":{"line":122,"column":16},"end":{"line":122,"column":51}},"68":{"start":{"line":124,"column":16},"end":{"line":127,"column":17}},"69":{"start":{"line":125,"column":18},"end":{"line":125,"column":37}},"70":{"start":{"line":126,"column":18},"end":{"line":126,"column":24}},"71":{"start":{"line":129,"column":16},"end":{"line":132,"column":20}},"72":{"start":{"line":135,"column":16},"end":{"line":138,"column":20}},"73":{"start":{"line":142,"column":16},"end":{"line":142,"column":39}},"74":{"start":{"line":149,"column":8},"end":{"line":149,"column":51}},"75":{"start":{"line":152,"column":6},"end":{"line":152,"column":25}},"76":{"start":{"line":156,"column":2},"end":{"line":156,"column":24}},"77":{"start":{"line":159,"column":15},"end":{"line":159,"column":29}},"78":{"start":{"line":160,"column":0},"end":{"line":160,"column":30}}},"fnMap":{"0":{"name":"_interopRequireDefault","decl":{"start":{"line":14,"column":9},"end":{"line":14,"column":31}},"loc":{"start":{"line":14,"column":37},"end":{"line":14,"column":97}},"line":14},"1":{"name":"asyncGeneratorStep","decl":{"start":{"line":16,"column":9},"end":{"line":16,"column":27}},"loc":{"start":{"line":16,"column":75},"end":{"line":16,"column":265}},"line":16},"2":{"name":"_asyncToGenerator","decl":{"start":{"line":18,"column":9},"end":{"line":18,"column":26}},"loc":{"start":{"line":18,"column":31},"end":{"line":18,"column":389}},"line":18},"3":{"name":"(anonymous_3)","decl":{"start":{"line":18,"column":40},"end":{"line":18,"column":41}},"loc":{"start":{"line":18,"column":52},"end":{"line":18,"column":386}},"line":18},"4":{"name":"(anonymous_4)","decl":{"start":{"line":18,"column":108},"end":{"line":18,"column":109}},"loc":{"start":{"line":18,"column":135},"end":{"line":18,"column":382}},"line":18},"5":{"name":"_next","decl":{"start":{"line":18,"column":178},"end":{"line":18,"column":183}},"loc":{"start":{"line":18,"column":191},"end":{"line":18,"column":266}},"line":18},"6":{"name":"_throw","decl":{"start":{"line":18,"column":276},"end":{"line":18,"column":282}},"loc":{"start":{"line":18,"column":288},"end":{"line":18,"column":362}},"line":18},"7":{"name":"_classCallCheck","decl":{"start":{"line":20,"column":9},"end":{"line":20,"column":24}},"loc":{"start":{"line":20,"column":48},"end":{"line":20,"column":153}},"line":20},"8":{"name":"_defineProperties","decl":{"start":{"line":22,"column":9},"end":{"line":22,"column":26}},"loc":{"start":{"line":22,"column":42},"end":{"line":22,"column":317}},"line":22},"9":{"name":"_createClass","decl":{"start":{"line":24,"column":9},"end":{"line":24,"column":21}},"loc":{"start":{"line":24,"column":60},"end":{"line":24,"column":215}},"line":24},"10":{"name":"(anonymous_10)","decl":{"start":{"line":32,"column":0},"end":{"line":32,"column":1}},"loc":{"start":{"line":32,"column":12},"end":{"line":157,"column":1}},"line":32},"11":{"name":"Authentication","decl":{"start":{"line":33,"column":11},"end":{"line":33,"column":25}},"loc":{"start":{"line":33,"column":28},"end":{"line":35,"column":3}},"line":33},"12":{"name":"createToken","decl":{"start":{"line":47,"column":20},"end":{"line":47,"column":31}},"loc":{"start":{"line":47,"column":53},"end":{"line":57,"column":5}},"line":47},"13":{"name":"(anonymous_13)","decl":{"start":{"line":68,"column":11},"end":{"line":68,"column":12}},"loc":{"start":{"line":68,"column":23},"end":{"line":153,"column":5}},"line":68},"14":{"name":"_callee","decl":{"start":{"line":71,"column":39},"end":{"line":71,"column":46}},"loc":{"start":{"line":71,"column":63},"end":{"line":146,"column":7}},"line":71},"15":{"name":"_callee$","decl":{"start":{"line":74,"column":48},"end":{"line":74,"column":56}},"loc":{"start":{"line":74,"column":67},"end":{"line":145,"column":9}},"line":74},"16":{"name":"verifyToken","decl":{"start":{"line":148,"column":15},"end":{"line":148,"column":26}},"loc":{"start":{"line":148,"column":41},"end":{"line":150,"column":7}},"line":148}},"branchMap":{"0":{"loc":{"start":{"line":14,"column":46},"end":{"line":14,"column":94}},"type":"cond-expr","locations":[{"start":{"line":14,"column":70},"end":{"line":14,"column":73}},{"start":{"line":14,"column":76},"end":{"line":14,"column":94}}],"line":14},"1":{"loc":{"start":{"line":14,"column":46},"end":{"line":14,"column":67}},"type":"binary-expr","locations":[{"start":{"line":14,"column":46},"end":{"line":14,"column":49}},{"start":{"line":14,"column":53},"end":{"line":14,"column":67}}],"line":14},"2":{"loc":{"start":{"line":16,"column":176},"end":{"line":16,"column":263}},"type":"if","locations":[{"start":{"line":16,"column":176},"end":{"line":16,"column":263}},{"start":{"line":16,"column":176},"end":{"line":16,"column":263}}],"line":16},"3":{"loc":{"start":{"line":20,"column":50},"end":{"line":20,"column":151}},"type":"if","locations":[{"start":{"line":20,"column":50},"end":{"line":20,"column":151}},{"start":{"line":20,"column":50},"end":{"line":20,"column":151}}],"line":20},"4":{"loc":{"start":{"line":22,"column":136},"end":{"line":22,"column":166}},"type":"binary-expr","locations":[{"start":{"line":22,"column":136},"end":{"line":22,"column":157}},{"start":{"line":22,"column":161},"end":{"line":22,"column":166}}],"line":22},"5":{"loc":{"start":{"line":22,"column":200},"end":{"line":22,"column":254}},"type":"if","locations":[{"start":{"line":22,"column":200},"end":{"line":22,"column":254}},{"start":{"line":22,"column":200},"end":{"line":22,"column":254}}],"line":22},"6":{"loc":{"start":{"line":24,"column":62},"end":{"line":24,"column":131}},"type":"if","locations":[{"start":{"line":24,"column":62},"end":{"line":24,"column":131}},{"start":{"line":24,"column":62},"end":{"line":24,"column":131}}],"line":24},"7":{"loc":{"start":{"line":24,"column":132},"end":{"line":24,"column":193}},"type":"if","locations":[{"start":{"line":24,"column":132},"end":{"line":24,"column":193}},{"start":{"line":24,"column":132},"end":{"line":24,"column":193}}],"line":24},"8":{"loc":{"start":{"line":76,"column":12},"end":{"line":143,"column":13}},"type":"switch","locations":[{"start":{"line":77,"column":14},"end":{"line":88,"column":20}},{"start":{"line":90,"column":14},"end":{"line":93,"column":86}},{"start":{"line":95,"column":14},"end":{"line":99,"column":76}},{"start":{"line":101,"column":14},"end":{"line":113,"column":20}},{"start":{"line":115,"column":14},"end":{"line":118,"column":57}},{"start":{"line":120,"column":14},"end":{"line":132,"column":20}},{"start":{"line":134,"column":14},"end":{"line":138,"column":20}},{"start":{"line":140,"column":14},"end":{"line":140,"column":22}},{"start":{"line":141,"column":14},"end":{"line":142,"column":39}}],"line":76},"9":{"loc":{"start":{"line":78,"column":24},"end":{"line":78,"column":59}},"type":"binary-expr","locations":[{"start":{"line":78,"column":24},"end":{"line":78,"column":41}},{"start":{"line":78,"column":45},"end":{"line":78,"column":59}}],"line":78},"10":{"loc":{"start":{"line":80,"column":16},"end":{"line":83,"column":17}},"type":"if","locations":[{"start":{"line":80,"column":16},"end":{"line":83,"column":17}},{"start":{"line":80,"column":16},"end":{"line":83,"column":17}}],"line":80},"11":{"loc":{"start":{"line":105,"column":16},"end":{"line":108,"column":17}},"type":"if","locations":[{"start":{"line":105,"column":16},"end":{"line":108,"column":17}},{"start":{"line":105,"column":16},"end":{"line":108,"column":17}}],"line":105},"12":{"loc":{"start":{"line":124,"column":16},"end":{"line":127,"column":17}},"type":"if","locations":[{"start":{"line":124,"column":16},"end":{"line":127,"column":17}},{"start":{"line":124,"column":16},"end":{"line":127,"column":17}}],"line":124}},"s":{"0":1,"1":1,"2":1,"3":1,"4":1,"5":2,"6":0,"7":0,"8":0,"9":0,"10":0,"11":0,"12":0,"13":0,"14":1,"15":0,"16":0,"17":0,"18":0,"19":0,"20":0,"21":0,"22":0,"23":0,"24":1,"25":1,"26":2,"27":2,"28":2,"29":2,"30":2,"31":2,"32":1,"33":0,"34":1,"35":1,"36":1,"37":1,"38":0,"39":1,"40":1,"41":1,"42":1,"43":0,"44":0,"45":0,"46":0,"47":0,"48":0,"49":0,"50":0,"51":0,"52":0,"53":0,"54":0,"55":0,"56":0,"57":0,"58":0,"59":0,"60":0,"61":0,"62":0,"63":0,"64":0,"65":0,"66":0,"67":0,"68":0,"69":0,"70":0,"71":0,"72":0,"73":0,"74":0,"75":1,"76":1,"77":1,"78":1},"f":{"0":2,"1":0,"2":1,"3":0,"4":0,"5":0,"6":0,"7":0,"8":1,"9":1,"10":1,"11":0,"12":1,"13":1,"14":0,"15":0,"16":0},"b":{"0":[1,1],"1":[2,2],"2":[0,0],"3":[0,0],"4":[2,2],"5":[2,0],"6":[0,1],"7":[1,0],"8":[0,0,0,0,0,0,0,0,0],"9":[0,0],"10":[0,0],"11":[0,0],"12":[0,0]},"_coverageSchema":"43e27e138ebf9cfc5966b082cf9a028302ed4184","hash":"0065fbf18f3afeb7810498238ebb78e8b7d4a052","contentHash":"6ee3f972f1c4ca97980d247fc4411879ae9aef99a3492735fa587105fdc0f067"},"C:\\Users\\User\\Desktop\\BOOT-CAMP\\way-farer\\server\\config.js\\sql.js":{"path":"C:\\Users\\User\\Desktop\\BOOT-CAMP\\way-farer\\server\\config.js\\sql.js","statementMap":{"0":{"start":{"line":3,"column":0},"end":{"line":5,"column":3}},"1":{"start":{"line":6,"column":0},"end":{"line":6,"column":383}},"2":{"start":{"line":7,"column":17},"end":{"line":7,"column":113}},"3":{"start":{"line":9,"column":0},"end":{"line":9,"column":32}},"4":{"start":{"line":10,"column":24},"end":{"line":10,"column":62}},"5":{"start":{"line":12,"column":0},"end":{"line":12,"column":46}},"6":{"start":{"line":13,"column":17},"end":{"line":13,"column":150}},"7":{"start":{"line":14,"column":0},"end":{"line":14,"column":32}},"8":{"start":{"line":15,"column":14},"end":{"line":15,"column":34}},"9":{"start":{"line":17,"column":0},"end":{"line":17,"column":26}},"10":{"start":{"line":18,"column":20},"end":{"line":18,"column":300}},"11":{"start":{"line":19,"column":0},"end":{"line":19,"column":38}},"12":{"start":{"line":20,"column":20},"end":{"line":20,"column":54}},"13":{"start":{"line":21,"column":0},"end":{"line":21,"column":38}},"14":{"start":{"line":22,"column":31},"end":{"line":22,"column":54}},"15":{"start":{"line":23,"column":0},"end":{"line":23,"column":60}},"16":{"start":{"line":24,"column":30},"end":{"line":24,"column":70}},"17":{"start":{"line":25,"column":0},"end":{"line":25,"column":58}},"18":{"start":{"line":26,"column":21},"end":{"line":26,"column":56}},"19":{"start":{"line":27,"column":0},"end":{"line":27,"column":40}},"20":{"start":{"line":28,"column":20},"end":{"line":28,"column":53}},"21":{"start":{"line":29,"column":0},"end":{"line":29,"column":38}},"22":{"start":{"line":30,"column":25},"end":{"line":30,"column":90}},"23":{"start":{"line":31,"column":0},"end":{"line":31,"column":48}},"24":{"start":{"line":32,"column":31},"end":{"line":32,"column":92}},"25":{"start":{"line":33,"column":0},"end":{"line":33,"column":60}},"26":{"start":{"line":34,"column":25},"end":{"line":34,"column":91}},"27":{"start":{"line":35,"column":0},"end":{"line":35,"column":48}},"28":{"start":{"line":36,"column":25},"end":{"line":36,"column":130}},"29":{"start":{"line":37,"column":0},"end":{"line":37,"column":48}}},"fnMap":{},"branchMap":{},"s":{"0":1,"1":1,"2":1,"3":1,"4":1,"5":1,"6":1,"7":1,"8":1,"9":1,"10":1,"11":1,"12":1,"13":1,"14":1,"15":1,"16":1,"17":1,"18":1,"19":1,"20":1,"21":1,"22":1,"23":1,"24":1,"25":1,"26":1,"27":1,"28":1,"29":1},"f":{},"b":{},"_coverageSchema":"43e27e138ebf9cfc5966b082cf9a028302ed4184","hash":"829f369f26c8a708cc7e24173cb843319635a0ce","contentHash":"00f77c8a1c09830362750570e240cabaa692120fa284be5061cfc3f467fd44dc"},"C:\\Users\\User\\Desktop\\BOOT-CAMP\\way-farer\\server\\middlewares\\userValidation.js":{"path":"C:\\Users\\User\\Desktop\\BOOT-CAMP\\way-farer\\server\\middlewares\\userValidation.js","statementMap":{"0":{"start":{"line":3,"column":0},"end":{"line":5,"column":3}},"1":{"start":{"line":6,"column":0},"end":{"line":6,"column":28}},"2":{"start":{"line":8,"column":19},"end":{"line":8,"column":65}},"3":{"start":{"line":10,"column":14},"end":{"line":10,"column":68}},"4":{"start":{"line":12,"column":11},"end":{"line":12,"column":38}},"5":{"start":{"line":14,"column":39},"end":{"line":14,"column":95}},"6":{"start":{"line":16,"column":77},"end":{"line":16,"column":175}},"7":{"start":{"line":16,"column":94},"end":{"line":16,"column":107}},"8":{"start":{"line":16,"column":121},"end":{"line":16,"column":131}},"9":{"start":{"line":16,"column":151},"end":{"line":16,"column":165}},"10":{"start":{"line":16,"column":166},"end":{"line":16,"column":173}},"11":{"start":{"line":16,"column":176},"end":{"line":16,"column":263}},"12":{"start":{"line":16,"column":193},"end":{"line":16,"column":208}},"13":{"start":{"line":16,"column":218},"end":{"line":16,"column":261}},"14":{"start":{"line":18,"column":33},"end":{"line":18,"column":387}},"15":{"start":{"line":18,"column":65},"end":{"line":18,"column":69}},"16":{"start":{"line":18,"column":78},"end":{"line":18,"column":87}},"17":{"start":{"line":18,"column":89},"end":{"line":18,"column":384}},"18":{"start":{"line":18,"column":147},"end":{"line":18,"column":167}},"19":{"start":{"line":18,"column":193},"end":{"line":18,"column":264}},"20":{"start":{"line":18,"column":290},"end":{"line":18,"column":360}},"21":{"start":{"line":18,"column":363},"end":{"line":18,"column":380}},"22":{"start":{"line":20,"column":50},"end":{"line":20,"column":151}},"23":{"start":{"line":20,"column":92},"end":{"line":20,"column":149}},"24":{"start":{"line":22,"column":44},"end":{"line":22,"column":315}},"25":{"start":{"line":22,"column":57},"end":{"line":22,"column":58}},"26":{"start":{"line":22,"column":102},"end":{"line":22,"column":110}},"27":{"start":{"line":22,"column":112},"end":{"line":22,"column":167}},"28":{"start":{"line":22,"column":168},"end":{"line":22,"column":199}},"29":{"start":{"line":22,"column":200},"end":{"line":22,"column":254}},"30":{"start":{"line":22,"column":227},"end":{"line":22,"column":254}},"31":{"start":{"line":22,"column":255},"end":{"line":22,"column":313}},"32":{"start":{"line":24,"column":62},"end":{"line":24,"column":131}},"33":{"start":{"line":24,"column":78},"end":{"line":24,"column":131}},"34":{"start":{"line":24,"column":132},"end":{"line":24,"column":193}},"35":{"start":{"line":24,"column":149},"end":{"line":24,"column":193}},"36":{"start":{"line":24,"column":194},"end":{"line":24,"column":213}},"37":{"start":{"line":28,"column":0},"end":{"line":231,"column":3}},"38":{"start":{"line":30,"column":4},"end":{"line":30,"column":41}},"39":{"start":{"line":33,"column":2},"end":{"line":228,"column":6}},"40":{"start":{"line":36,"column":29},"end":{"line":109,"column":9}},"41":{"start":{"line":41,"column":8},"end":{"line":108,"column":37}},"42":{"start":{"line":42,"column":10},"end":{"line":107,"column":11}},"43":{"start":{"line":43,"column":12},"end":{"line":106,"column":13}},"44":{"start":{"line":45,"column":16},"end":{"line":45,"column":161}},"45":{"start":{"line":46,"column":16},"end":{"line":51,"column":18}},"46":{"start":{"line":52,"column":16},"end":{"line":52,"column":74}},"47":{"start":{"line":54,"column":16},"end":{"line":57,"column":17}},"48":{"start":{"line":55,"column":18},"end":{"line":55,"column":36}},"49":{"start":{"line":56,"column":18},"end":{"line":56,"column":24}},"50":{"start":{"line":59,"column":16},"end":{"line":62,"column":20}},"51":{"start":{"line":65,"column":16},"end":{"line":65,"column":51}},"52":{"start":{"line":66,"column":16},"end":{"line":66,"column":34}},"53":{"start":{"line":67,"column":16},"end":{"line":67,"column":34}},"54":{"start":{"line":68,"column":16},"end":{"line":68,"column":81}},"55":{"start":{"line":71,"column":16},"end":{"line":71,"column":37}},"56":{"start":{"line":72,"column":16},"end":{"line":72,"column":33}},"57":{"start":{"line":74,"column":16},"end":{"line":77,"column":17}},"58":{"start":{"line":75,"column":18},"end":{"line":75,"column":37}},"59":{"start":{"line":76,"column":18},"end":{"line":76,"column":24}},"60":{"start":{"line":79,"column":16},"end":{"line":82,"column":20}},"61":{"start":{"line":85,"column":16},"end":{"line":85,"column":35}},"62":{"start":{"line":86,"column":16},"end":{"line":86,"column":22}},"63":{"start":{"line":89,"column":16},"end":{"line":89,"column":35}},"64":{"start":{"line":90,"column":16},"end":{"line":90,"column":51}},"65":{"start":{"line":91,"column":16},"end":{"line":94,"column":20}},"66":{"start":{"line":97,"column":16},"end":{"line":97,"column":39}},"67":{"start":{"line":98,"column":16},"end":{"line":98,"column":70}},"68":{"start":{"line":99,"column":16},"end":{"line":99,"column":68}},"69":{"start":{"line":100,"column":16},"end":{"line":100,"column":52}},"70":{"start":{"line":101,"column":16},"end":{"line":101,"column":23}},"71":{"start":{"line":105,"column":16},"end":{"line":105,"column":39}},"72":{"start":{"line":112,"column":8},"end":{"line":112,"column":55}},"73":{"start":{"line":115,"column":6},"end":{"line":115,"column":29}},"74":{"start":{"line":128,"column":29},"end":{"line":220,"column":9}},"75":{"start":{"line":133,"column":8},"end":{"line":219,"column":21}},"76":{"start":{"line":134,"column":10},"end":{"line":218,"column":11}},"77":{"start":{"line":135,"column":12},"end":{"line":217,"column":13}},"78":{"start":{"line":137,"column":16},"end":{"line":137,"column":96}},"79":{"start":{"line":139,"column":16},"end":{"line":142,"column":17}},"80":{"start":{"line":140,"column":18},"end":{"line":140,"column":37}},"81":{"start":{"line":141,"column":18},"end":{"line":141,"column":24}},"82":{"start":{"line":144,"column":16},"end":{"line":147,"column":20}},"83":{"start":{"line":150,"column":16},"end":{"line":153,"column":17}},"84":{"start":{"line":151,"column":18},"end":{"line":151,"column":37}},"85":{"start":{"line":152,"column":18},"end":{"line":152,"column":24}},"86":{"start":{"line":155,"column":16},"end":{"line":158,"column":20}},"87":{"start":{"line":161,"column":16},"end":{"line":161,"column":51}},"88":{"start":{"line":163,"column":16},"end":{"line":166,"column":17}},"89":{"start":{"line":164,"column":18},"end":{"line":164,"column":37}},"90":{"start":{"line":165,"column":18},"end":{"line":165,"column":24}},"91":{"start":{"line":168,"column":16},"end":{"line":171,"column":20}},"92":{"start":{"line":174,"column":16},"end":{"line":212,"column":19}},"93":{"start":{"line":175,"column":18},"end":{"line":180,"column":19}},"94":{"start":{"line":176,"column":20},"end":{"line":179,"column":23}},"95":{"start":{"line":182,"column":18},"end":{"line":187,"column":19}},"96":{"start":{"line":183,"column":20},"end":{"line":186,"column":23}},"97":{"start":{"line":189,"column":18},"end":{"line":194,"column":19}},"98":{"start":{"line":190,"column":20},"end":{"line":193,"column":23}},"99":{"start":{"line":196,"column":18},"end":{"line":196,"column":45}},"100":{"start":{"line":198,"column":18},"end":{"line":203,"column":19}},"101":{"start":{"line":199,"column":20},"end":{"line":202,"column":23}},"102":{"start":{"line":205,"column":18},"end":{"line":205,"column":41}},"103":{"start":{"line":206,"column":18},"end":{"line":206,"column":47}},"104":{"start":{"line":207,"column":18},"end":{"line":207,"column":32}},"105":{"start":{"line":209,"column":18},"end":{"line":211,"column":21}},"106":{"start":{"line":216,"column":16},"end":{"line":216,"column":40}},"107":{"start":{"line":223,"column":8},"end":{"line":223,"column":55}},"108":{"start":{"line":226,"column":6},"end":{"line":226,"column":29}},"109":{"start":{"line":230,"column":2},"end":{"line":230,"column":23}},"110":{"start":{"line":233,"column":15},"end":{"line":233,"column":28}},"111":{"start":{"line":234,"column":0},"end":{"line":234,"column":30}}},"fnMap":{"0":{"name":"_interopRequireDefault","decl":{"start":{"line":14,"column":9},"end":{"line":14,"column":31}},"loc":{"start":{"line":14,"column":37},"end":{"line":14,"column":97}},"line":14},"1":{"name":"asyncGeneratorStep","decl":{"start":{"line":16,"column":9},"end":{"line":16,"column":27}},"loc":{"start":{"line":16,"column":75},"end":{"line":16,"column":265}},"line":16},"2":{"name":"_asyncToGenerator","decl":{"start":{"line":18,"column":9},"end":{"line":18,"column":26}},"loc":{"start":{"line":18,"column":31},"end":{"line":18,"column":389}},"line":18},"3":{"name":"(anonymous_3)","decl":{"start":{"line":18,"column":40},"end":{"line":18,"column":41}},"loc":{"start":{"line":18,"column":52},"end":{"line":18,"column":386}},"line":18},"4":{"name":"(anonymous_4)","decl":{"start":{"line":18,"column":108},"end":{"line":18,"column":109}},"loc":{"start":{"line":18,"column":135},"end":{"line":18,"column":382}},"line":18},"5":{"name":"_next","decl":{"start":{"line":18,"column":178},"end":{"line":18,"column":183}},"loc":{"start":{"line":18,"column":191},"end":{"line":18,"column":266}},"line":18},"6":{"name":"_throw","decl":{"start":{"line":18,"column":276},"end":{"line":18,"column":282}},"loc":{"start":{"line":18,"column":288},"end":{"line":18,"column":362}},"line":18},"7":{"name":"_classCallCheck","decl":{"start":{"line":20,"column":9},"end":{"line":20,"column":24}},"loc":{"start":{"line":20,"column":48},"end":{"line":20,"column":153}},"line":20},"8":{"name":"_defineProperties","decl":{"start":{"line":22,"column":9},"end":{"line":22,"column":26}},"loc":{"start":{"line":22,"column":42},"end":{"line":22,"column":317}},"line":22},"9":{"name":"_createClass","decl":{"start":{"line":24,"column":9},"end":{"line":24,"column":21}},"loc":{"start":{"line":24,"column":60},"end":{"line":24,"column":215}},"line":24},"10":{"name":"(anonymous_10)","decl":{"start":{"line":28,"column":0},"end":{"line":28,"column":1}},"loc":{"start":{"line":28,"column":12},"end":{"line":231,"column":1}},"line":28},"11":{"name":"UserValidator","decl":{"start":{"line":29,"column":11},"end":{"line":29,"column":24}},"loc":{"start":{"line":29,"column":27},"end":{"line":31,"column":3}},"line":29},"12":{"name":"(anonymous_12)","decl":{"start":{"line":35,"column":11},"end":{"line":35,"column":12}},"loc":{"start":{"line":35,"column":23},"end":{"line":116,"column":5}},"line":35},"13":{"name":"_callee","decl":{"start":{"line":38,"column":39},"end":{"line":38,"column":46}},"loc":{"start":{"line":38,"column":63},"end":{"line":109,"column":7}},"line":38},"14":{"name":"_callee$","decl":{"start":{"line":41,"column":48},"end":{"line":41,"column":56}},"loc":{"start":{"line":41,"column":67},"end":{"line":108,"column":9}},"line":41},"15":{"name":"signUpValidator","decl":{"start":{"line":111,"column":15},"end":{"line":111,"column":30}},"loc":{"start":{"line":111,"column":45},"end":{"line":113,"column":7}},"line":111},"16":{"name":"(anonymous_16)","decl":{"start":{"line":127,"column":11},"end":{"line":127,"column":12}},"loc":{"start":{"line":127,"column":23},"end":{"line":227,"column":5}},"line":127},"17":{"name":"_callee2","decl":{"start":{"line":130,"column":39},"end":{"line":130,"column":47}},"loc":{"start":{"line":130,"column":64},"end":{"line":220,"column":7}},"line":130},"18":{"name":"_callee2$","decl":{"start":{"line":133,"column":48},"end":{"line":133,"column":57}},"loc":{"start":{"line":133,"column":69},"end":{"line":219,"column":9}},"line":133},"19":{"name":"(anonymous_19)","decl":{"start":{"line":174,"column":79},"end":{"line":174,"column":80}},"loc":{"start":{"line":174,"column":97},"end":{"line":208,"column":17}},"line":174},"20":{"name":"(anonymous_20)","decl":{"start":{"line":208,"column":28},"end":{"line":208,"column":29}},"loc":{"start":{"line":208,"column":45},"end":{"line":212,"column":17}},"line":208},"21":{"name":"signinValidator","decl":{"start":{"line":222,"column":15},"end":{"line":222,"column":30}},"loc":{"start":{"line":222,"column":46},"end":{"line":224,"column":7}},"line":222}},"branchMap":{"0":{"loc":{"start":{"line":14,"column":46},"end":{"line":14,"column":94}},"type":"cond-expr","locations":[{"start":{"line":14,"column":70},"end":{"line":14,"column":73}},{"start":{"line":14,"column":76},"end":{"line":14,"column":94}}],"line":14},"1":{"loc":{"start":{"line":14,"column":46},"end":{"line":14,"column":67}},"type":"binary-expr","locations":[{"start":{"line":14,"column":46},"end":{"line":14,"column":49}},{"start":{"line":14,"column":53},"end":{"line":14,"column":67}}],"line":14},"2":{"loc":{"start":{"line":16,"column":176},"end":{"line":16,"column":263}},"type":"if","locations":[{"start":{"line":16,"column":176},"end":{"line":16,"column":263}},{"start":{"line":16,"column":176},"end":{"line":16,"column":263}}],"line":16},"3":{"loc":{"start":{"line":20,"column":50},"end":{"line":20,"column":151}},"type":"if","locations":[{"start":{"line":20,"column":50},"end":{"line":20,"column":151}},{"start":{"line":20,"column":50},"end":{"line":20,"column":151}}],"line":20},"4":{"loc":{"start":{"line":22,"column":136},"end":{"line":22,"column":166}},"type":"binary-expr","locations":[{"start":{"line":22,"column":136},"end":{"line":22,"column":157}},{"start":{"line":22,"column":161},"end":{"line":22,"column":166}}],"line":22},"5":{"loc":{"start":{"line":22,"column":200},"end":{"line":22,"column":254}},"type":"if","locations":[{"start":{"line":22,"column":200},"end":{"line":22,"column":254}},{"start":{"line":22,"column":200},"end":{"line":22,"column":254}}],"line":22},"6":{"loc":{"start":{"line":24,"column":62},"end":{"line":24,"column":131}},"type":"if","locations":[{"start":{"line":24,"column":62},"end":{"line":24,"column":131}},{"start":{"line":24,"column":62},"end":{"line":24,"column":131}}],"line":24},"7":{"loc":{"start":{"line":24,"column":132},"end":{"line":24,"column":193}},"type":"if","locations":[{"start":{"line":24,"column":132},"end":{"line":24,"column":193}},{"start":{"line":24,"column":132},"end":{"line":24,"column":193}}],"line":24},"8":{"loc":{"start":{"line":43,"column":12},"end":{"line":106,"column":13}},"type":"switch","locations":[{"start":{"line":44,"column":14},"end":{"line":62,"column":20}},{"start":{"line":64,"column":14},"end":{"line":68,"column":81}},{"start":{"line":70,"column":14},"end":{"line":82,"column":20}},{"start":{"line":84,"column":14},"end":{"line":86,"column":22}},{"start":{"line":88,"column":14},"end":{"line":94,"column":20}},{"start":{"line":96,"column":14},"end":{"line":101,"column":23}},{"start":{"line":103,"column":14},"end":{"line":103,"column":22}},{"start":{"line":104,"column":14},"end":{"line":105,"column":39}}],"line":43},"9":{"loc":{"start":{"line":54,"column":16},"end":{"line":57,"column":17}},"type":"if","locations":[{"start":{"line":54,"column":16},"end":{"line":57,"column":17}},{"start":{"line":54,"column":16},"end":{"line":57,"column":17}}],"line":54},"10":{"loc":{"start":{"line":74,"column":16},"end":{"line":77,"column":17}},"type":"if","locations":[{"start":{"line":74,"column":16},"end":{"line":77,"column":17}},{"start":{"line":74,"column":16},"end":{"line":77,"column":17}}],"line":74},"11":{"loc":{"start":{"line":135,"column":12},"end":{"line":217,"column":13}},"type":"switch","locations":[{"start":{"line":136,"column":14},"end":{"line":147,"column":20}},{"start":{"line":149,"column":14},"end":{"line":158,"column":20}},{"start":{"line":160,"column":14},"end":{"line":171,"column":20}},{"start":{"line":173,"column":14},"end":{"line":212,"column":19}},{"start":{"line":214,"column":14},"end":{"line":214,"column":21}},{"start":{"line":215,"column":14},"end":{"line":216,"column":40}}],"line":135},"12":{"loc":{"start":{"line":139,"column":16},"end":{"line":142,"column":17}},"type":"if","locations":[{"start":{"line":139,"column":16},"end":{"line":142,"column":17}},{"start":{"line":139,"column":16},"end":{"line":142,"column":17}}],"line":139},"13":{"loc":{"start":{"line":150,"column":16},"end":{"line":153,"column":17}},"type":"if","locations":[{"start":{"line":150,"column":16},"end":{"line":153,"column":17}},{"start":{"line":150,"column":16},"end":{"line":153,"column":17}}],"line":150},"14":{"loc":{"start":{"line":163,"column":16},"end":{"line":166,"column":17}},"type":"if","locations":[{"start":{"line":163,"column":16},"end":{"line":166,"column":17}},{"start":{"line":163,"column":16},"end":{"line":166,"column":17}}],"line":163},"15":{"loc":{"start":{"line":175,"column":18},"end":{"line":180,"column":19}},"type":"if","locations":[{"start":{"line":175,"column":18},"end":{"line":180,"column":19}},{"start":{"line":175,"column":18},"end":{"line":180,"column":19}}],"line":175},"16":{"loc":{"start":{"line":182,"column":18},"end":{"line":187,"column":19}},"type":"if","locations":[{"start":{"line":182,"column":18},"end":{"line":187,"column":19}},{"start":{"line":182,"column":18},"end":{"line":187,"column":19}}],"line":182},"17":{"loc":{"start":{"line":189,"column":18},"end":{"line":194,"column":19}},"type":"if","locations":[{"start":{"line":189,"column":18},"end":{"line":194,"column":19}},{"start":{"line":189,"column":18},"end":{"line":194,"column":19}}],"line":189},"18":{"loc":{"start":{"line":198,"column":18},"end":{"line":203,"column":19}},"type":"if","locations":[{"start":{"line":198,"column":18},"end":{"line":203,"column":19}},{"start":{"line":198,"column":18},"end":{"line":203,"column":19}}],"line":198}},"s":{"0":1,"1":1,"2":1,"3":1,"4":1,"5":2,"6":24,"7":24,"8":24,"9":0,"10":0,"11":24,"12":22,"13":2,"14":2,"15":22,"16":22,"17":22,"18":22,"19":24,"20":0,"21":22,"22":0,"23":0,"24":1,"25":1,"26":2,"27":2,"28":2,"29":2,"30":2,"31":2,"32":1,"33":0,"34":1,"35":1,"36":1,"37":1,"38":0,"39":1,"40":1,"41":14,"42":29,"43":33,"44":14,"45":14,"46":14,"47":14,"48":2,"49":2,"50":12,"51":2,"52":2,"53":2,"54":2,"55":2,"56":2,"57":2,"58":1,"59":1,"60":1,"61":1,"62":1,"63":0,"64":0,"65":0,"66":1,"67":1,"68":1,"69":1,"70":1,"71":14,"72":14,"73":1,"74":1,"75":8,"76":11,"77":28,"78":8,"79":8,"80":6,"81":6,"82":2,"83":6,"84":6,"85":6,"86":0,"87":6,"88":6,"89":5,"90":5,"91":1,"92":5,"93":5,"94":2,"95":3,"96":0,"97":3,"98":0,"99":3,"100":3,"101":1,"102":2,"103":2,"104":2,"105":0,"106":8,"107":8,"108":1,"109":1,"110":1,"111":1},"f":{"0":2,"1":24,"2":2,"3":22,"4":22,"5":24,"6":0,"7":0,"8":1,"9":1,"10":1,"11":0,"12":1,"13":14,"14":29,"15":14,"16":1,"17":8,"18":11,"19":5,"20":0,"21":8},"b":{"0":[1,1],"1":[2,2],"2":[22,2],"3":[0,0],"4":[2,2],"5":[2,0],"6":[0,1],"7":[1,0],"8":[14,2,2,1,0,1,1,14],"9":[2,12],"10":[1,1],"11":[8,6,6,5,5,8],"12":[6,2],"13":[6,0],"14":[5,1],"15":[2,3],"16":[0,3],"17":[0,3],"18":[1,2]},"_coverageSchema":"43e27e138ebf9cfc5966b082cf9a028302ed4184","hash":"448b61cd46a1fd597ad733721fe13945fde105a7","contentHash":"ab62e2d96b17ff861e9faef6449a055de8c449abdcb8e9a5a8554c4f32da8825"},"C:\\Users\\User\\Desktop\\BOOT-CAMP\\way-farer\\server\\routes\\trip.js":{"path":"C:\\Users\\User\\Desktop\\BOOT-CAMP\\way-farer\\server\\routes\\trip.js","statementMap":{"0":{"start":{"line":3,"column":0},"end":{"line":5,"column":3}},"1":{"start":{"line":6,"column":0},"end":{"line":6,"column":28}},"2":{"start":{"line":8,"column":15},"end":{"line":8,"column":57}},"3":{"start":{"line":10,"column":22},"end":{"line":10,"column":86}},"4":{"start":{"line":12,"column":21},"end":{"line":12,"column":84}},"5":{"start":{"line":14,"column":12},"end":{"line":14,"column":66}},"6":{"start":{"line":16,"column":39},"end":{"line":16,"column":95}},"7":{"start":{"line":18,"column":11},"end":{"line":18,"column":42}},"8":{"start":{"line":19,"column":17},"end":{"line":19,"column":54}},"9":{"start":{"line":20,"column":17},"end":{"line":20,"column":54}},"10":{"start":{"line":22,"column":17},"end":{"line":22,"column":45}},"11":{"start":{"line":24,"column":0},"end":{"line":24,"column":103}},"12":{"start":{"line":25,"column":0},"end":{"line":25,"column":67}},"13":{"start":{"line":26,"column":0},"end":{"line":26,"column":73}},"14":{"start":{"line":27,"column":15},"end":{"line":27,"column":25}},"15":{"start":{"line":28,"column":0},"end":{"line":28,"column":30}}},"fnMap":{"0":{"name":"_interopRequireDefault","decl":{"start":{"line":16,"column":9},"end":{"line":16,"column":31}},"loc":{"start":{"line":16,"column":37},"end":{"line":16,"column":97}},"line":16}},"branchMap":{"0":{"loc":{"start":{"line":16,"column":46},"end":{"line":16,"column":94}},"type":"cond-expr","locations":[{"start":{"line":16,"column":70},"end":{"line":16,"column":73}},{"start":{"line":16,"column":76},"end":{"line":16,"column":94}}],"line":16},"1":{"loc":{"start":{"line":16,"column":46},"end":{"line":16,"column":67}},"type":"binary-expr","locations":[{"start":{"line":16,"column":46},"end":{"line":16,"column":49}},{"start":{"line":16,"column":53},"end":{"line":16,"column":67}}],"line":16}},"s":{"0":1,"1":1,"2":1,"3":1,"4":1,"5":1,"6":4,"7":1,"8":1,"9":1,"10":1,"11":1,"12":1,"13":1,"14":1,"15":1},"f":{"0":4},"b":{"0":[3,1],"1":[4,4]},"_coverageSchema":"43e27e138ebf9cfc5966b082cf9a028302ed4184","hash":"6e32da828856fcd93d581e85402b2486cba47a24","contentHash":"7afb2b6caf9b39465c0345ebe311c71876b289059a5e2678e44b765b8b4797b3"},"C:\\Users\\User\\Desktop\\BOOT-CAMP\\way-farer\\server\\controllers\\TripController.js":{"path":"C:\\Users\\User\\Desktop\\BOOT-CAMP\\way-farer\\server\\controllers\\TripController.js","statementMap":{"0":{"start":{"line":3,"column":0},"end":{"line":5,"column":3}},"1":{"start":{"line":6,"column":0},"end":{"line":6,"column":28}},"2":{"start":{"line":8,"column":14},"end":{"line":8,"column":68}},"3":{"start":{"line":10,"column":11},"end":{"line":10,"column":38}},"4":{"start":{"line":12,"column":39},"end":{"line":12,"column":95}},"5":{"start":{"line":14,"column":77},"end":{"line":14,"column":175}},"6":{"start":{"line":14,"column":94},"end":{"line":14,"column":107}},"7":{"start":{"line":14,"column":121},"end":{"line":14,"column":131}},"8":{"start":{"line":14,"column":151},"end":{"line":14,"column":165}},"9":{"start":{"line":14,"column":166},"end":{"line":14,"column":173}},"10":{"start":{"line":14,"column":176},"end":{"line":14,"column":263}},"11":{"start":{"line":14,"column":193},"end":{"line":14,"column":208}},"12":{"start":{"line":14,"column":218},"end":{"line":14,"column":261}},"13":{"start":{"line":16,"column":33},"end":{"line":16,"column":387}},"14":{"start":{"line":16,"column":65},"end":{"line":16,"column":69}},"15":{"start":{"line":16,"column":78},"end":{"line":16,"column":87}},"16":{"start":{"line":16,"column":89},"end":{"line":16,"column":384}},"17":{"start":{"line":16,"column":147},"end":{"line":16,"column":167}},"18":{"start":{"line":16,"column":193},"end":{"line":16,"column":264}},"19":{"start":{"line":16,"column":290},"end":{"line":16,"column":360}},"20":{"start":{"line":16,"column":363},"end":{"line":16,"column":380}},"21":{"start":{"line":18,"column":50},"end":{"line":18,"column":151}},"22":{"start":{"line":18,"column":92},"end":{"line":18,"column":149}},"23":{"start":{"line":20,"column":44},"end":{"line":20,"column":315}},"24":{"start":{"line":20,"column":57},"end":{"line":20,"column":58}},"25":{"start":{"line":20,"column":102},"end":{"line":20,"column":110}},"26":{"start":{"line":20,"column":112},"end":{"line":20,"column":167}},"27":{"start":{"line":20,"column":168},"end":{"line":20,"column":199}},"28":{"start":{"line":20,"column":200},"end":{"line":20,"column":254}},"29":{"start":{"line":20,"column":227},"end":{"line":20,"column":254}},"30":{"start":{"line":20,"column":255},"end":{"line":20,"column":313}},"31":{"start":{"line":22,"column":62},"end":{"line":22,"column":131}},"32":{"start":{"line":22,"column":78},"end":{"line":22,"column":131}},"33":{"start":{"line":22,"column":132},"end":{"line":22,"column":193}},"34":{"start":{"line":22,"column":149},"end":{"line":22,"column":193}},"35":{"start":{"line":22,"column":194},"end":{"line":22,"column":213}},"36":{"start":{"line":26,"column":0},"end":{"line":245,"column":3}},"37":{"start":{"line":28,"column":4},"end":{"line":28,"column":42}},"38":{"start":{"line":31,"column":2},"end":{"line":242,"column":6}},"39":{"start":{"line":43,"column":18},"end":{"line":91,"column":9}},"40":{"start":{"line":48,"column":8},"end":{"line":90,"column":37}},"41":{"start":{"line":49,"column":10},"end":{"line":89,"column":11}},"42":{"start":{"line":50,"column":12},"end":{"line":88,"column":13}},"43":{"start":{"line":52,"column":16},"end":{"line":55,"column":17}},"44":{"start":{"line":53,"column":18},"end":{"line":53,"column":36}},"45":{"start":{"line":54,"column":18},"end":{"line":54,"column":24}},"46":{"start":{"line":57,"column":16},"end":{"line":60,"column":20}},"47":{"start":{"line":63,"column":16},"end":{"line":63,"column":184}},"48":{"start":{"line":64,"column":16},"end":{"line":64,"column":94}},"49":{"start":{"line":65,"column":16},"end":{"line":65,"column":34}},"50":{"start":{"line":66,"column":16},"end":{"line":66,"column":34}},"51":{"start":{"line":67,"column":16},"end":{"line":67,"column":73}},"52":{"start":{"line":70,"column":16},"end":{"line":70,"column":37}},"53":{"start":{"line":71,"column":16},"end":{"line":71,"column":33}},"54":{"start":{"line":72,"column":16},"end":{"line":75,"column":20}},"55":{"start":{"line":78,"column":16},"end":{"line":78,"column":35}},"56":{"start":{"line":79,"column":16},"end":{"line":79,"column":51}},"57":{"start":{"line":80,"column":16},"end":{"line":83,"column":20}},"58":{"start":{"line":87,"column":16},"end":{"line":87,"column":39}},"59":{"start":{"line":94,"column":8},"end":{"line":94,"column":44}},"60":{"start":{"line":97,"column":6},"end":{"line":97,"column":18}},"61":{"start":{"line":111,"column":24},"end":{"line":158,"column":9}},"62":{"start":{"line":116,"column":8},"end":{"line":157,"column":38}},"63":{"start":{"line":117,"column":10},"end":{"line":156,"column":11}},"64":{"start":{"line":118,"column":12},"end":{"line":155,"column":13}},"65":{"start":{"line":120,"column":16},"end":{"line":120,"column":35}},"66":{"start":{"line":121,"column":16},"end":{"line":121,"column":35}},"67":{"start":{"line":122,"column":16},"end":{"line":122,"column":62}},"68":{"start":{"line":125,"column":16},"end":{"line":125,"column":39}},"69":{"start":{"line":126,"column":16},"end":{"line":126,"column":34}},"70":{"start":{"line":128,"column":16},"end":{"line":131,"column":17}},"71":{"start":{"line":129,"column":18},"end":{"line":129,"column":37}},"72":{"start":{"line":130,"column":18},"end":{"line":130,"column":24}},"73":{"start":{"line":133,"column":16},"end":{"line":136,"column":20}},"74":{"start":{"line":139,"column":16},"end":{"line":142,"column":20}},"75":{"start":{"line":145,"column":16},"end":{"line":145,"column":36}},"76":{"start":{"line":146,"column":16},"end":{"line":146,"column":53}},"77":{"start":{"line":147,"column":16},"end":{"line":150,"column":20}},"78":{"start":{"line":154,"column":16},"end":{"line":154,"column":40}},"79":{"start":{"line":161,"column":8},"end":{"line":161,"column":50}},"80":{"start":{"line":164,"column":6},"end":{"line":164,"column":24}},"81":{"start":{"line":173,"column":24},"end":{"line":234,"column":9}},"82":{"start":{"line":178,"column":8},"end":{"line":233,"column":38}},"83":{"start":{"line":179,"column":10},"end":{"line":232,"column":11}},"84":{"start":{"line":180,"column":12},"end":{"line":231,"column":13}},"85":{"start":{"line":182,"column":16},"end":{"line":185,"column":17}},"86":{"start":{"line":183,"column":18},"end":{"line":183,"column":37}},"87":{"start":{"line":184,"column":18},"end":{"line":184,"column":24}},"88":{"start":{"line":187,"column":16},"end":{"line":190,"column":20}},"89":{"start":{"line":193,"column":16},"end":{"line":193,"column":117}},"90":{"start":{"line":194,"column":16},"end":{"line":194,"column":35}},"91":{"start":{"line":195,"column":16},"end":{"line":195,"column":35}},"92":{"start":{"line":196,"column":16},"end":{"line":196,"column":60}},"93":{"start":{"line":199,"column":16},"end":{"line":199,"column":39}},"94":{"start":{"line":200,"column":16},"end":{"line":200,"column":34}},"95":{"start":{"line":202,"column":16},"end":{"line":205,"column":17}},"96":{"start":{"line":203,"column":18},"end":{"line":203,"column":38}},"97":{"start":{"line":204,"column":18},"end":{"line":204,"column":24}},"98":{"start":{"line":207,"column":16},"end":{"line":210,"column":20}},"99":{"start":{"line":213,"column":16},"end":{"line":218,"column":20}},"100":{"start":{"line":221,"column":16},"end":{"line":221,"column":36}},"101":{"start":{"line":222,"column":16},"end":{"line":222,"column":53}},"102":{"start":{"line":223,"column":16},"end":{"line":226,"column":20}},"103":{"start":{"line":230,"column":16},"end":{"line":230,"column":40}},"104":{"start":{"line":237,"column":8},"end":{"line":237,"column":50}},"105":{"start":{"line":240,"column":6},"end":{"line":240,"column":24}},"106":{"start":{"line":244,"column":2},"end":{"line":244,"column":24}},"107":{"start":{"line":247,"column":15},"end":{"line":247,"column":29}},"108":{"start":{"line":248,"column":0},"end":{"line":248,"column":30}}},"fnMap":{"0":{"name":"_interopRequireDefault","decl":{"start":{"line":12,"column":9},"end":{"line":12,"column":31}},"loc":{"start":{"line":12,"column":37},"end":{"line":12,"column":97}},"line":12},"1":{"name":"asyncGeneratorStep","decl":{"start":{"line":14,"column":9},"end":{"line":14,"column":27}},"loc":{"start":{"line":14,"column":75},"end":{"line":14,"column":265}},"line":14},"2":{"name":"_asyncToGenerator","decl":{"start":{"line":16,"column":9},"end":{"line":16,"column":26}},"loc":{"start":{"line":16,"column":31},"end":{"line":16,"column":389}},"line":16},"3":{"name":"(anonymous_3)","decl":{"start":{"line":16,"column":40},"end":{"line":16,"column":41}},"loc":{"start":{"line":16,"column":52},"end":{"line":16,"column":386}},"line":16},"4":{"name":"(anonymous_4)","decl":{"start":{"line":16,"column":108},"end":{"line":16,"column":109}},"loc":{"start":{"line":16,"column":135},"end":{"line":16,"column":382}},"line":16},"5":{"name":"_next","decl":{"start":{"line":16,"column":178},"end":{"line":16,"column":183}},"loc":{"start":{"line":16,"column":191},"end":{"line":16,"column":266}},"line":16},"6":{"name":"_throw","decl":{"start":{"line":16,"column":276},"end":{"line":16,"column":282}},"loc":{"start":{"line":16,"column":288},"end":{"line":16,"column":362}},"line":16},"7":{"name":"_classCallCheck","decl":{"start":{"line":18,"column":9},"end":{"line":18,"column":24}},"loc":{"start":{"line":18,"column":48},"end":{"line":18,"column":153}},"line":18},"8":{"name":"_defineProperties","decl":{"start":{"line":20,"column":9},"end":{"line":20,"column":26}},"loc":{"start":{"line":20,"column":42},"end":{"line":20,"column":317}},"line":20},"9":{"name":"_createClass","decl":{"start":{"line":22,"column":9},"end":{"line":22,"column":21}},"loc":{"start":{"line":22,"column":60},"end":{"line":22,"column":215}},"line":22},"10":{"name":"(anonymous_10)","decl":{"start":{"line":26,"column":0},"end":{"line":26,"column":1}},"loc":{"start":{"line":26,"column":12},"end":{"line":245,"column":1}},"line":26},"11":{"name":"TripController","decl":{"start":{"line":27,"column":11},"end":{"line":27,"column":25}},"loc":{"start":{"line":27,"column":28},"end":{"line":29,"column":3}},"line":27},"12":{"name":"(anonymous_12)","decl":{"start":{"line":42,"column":11},"end":{"line":42,"column":12}},"loc":{"start":{"line":42,"column":23},"end":{"line":98,"column":5}},"line":42},"13":{"name":"_callee","decl":{"start":{"line":45,"column":39},"end":{"line":45,"column":46}},"loc":{"start":{"line":45,"column":57},"end":{"line":91,"column":7}},"line":45},"14":{"name":"_callee$","decl":{"start":{"line":48,"column":48},"end":{"line":48,"column":56}},"loc":{"start":{"line":48,"column":67},"end":{"line":90,"column":9}},"line":48},"15":{"name":"trip","decl":{"start":{"line":93,"column":15},"end":{"line":93,"column":19}},"loc":{"start":{"line":93,"column":29},"end":{"line":95,"column":7}},"line":93},"16":{"name":"(anonymous_16)","decl":{"start":{"line":110,"column":11},"end":{"line":110,"column":12}},"loc":{"start":{"line":110,"column":23},"end":{"line":165,"column":5}},"line":110},"17":{"name":"_callee2","decl":{"start":{"line":113,"column":39},"end":{"line":113,"column":47}},"loc":{"start":{"line":113,"column":58},"end":{"line":158,"column":7}},"line":113},"18":{"name":"_callee2$","decl":{"start":{"line":116,"column":48},"end":{"line":116,"column":57}},"loc":{"start":{"line":116,"column":69},"end":{"line":157,"column":9}},"line":116},"19":{"name":"getAllTrip","decl":{"start":{"line":160,"column":15},"end":{"line":160,"column":25}},"loc":{"start":{"line":160,"column":36},"end":{"line":162,"column":7}},"line":160},"20":{"name":"(anonymous_20)","decl":{"start":{"line":172,"column":11},"end":{"line":172,"column":12}},"loc":{"start":{"line":172,"column":23},"end":{"line":241,"column":5}},"line":172},"21":{"name":"_callee3","decl":{"start":{"line":175,"column":39},"end":{"line":175,"column":47}},"loc":{"start":{"line":175,"column":58},"end":{"line":234,"column":7}},"line":175},"22":{"name":"_callee3$","decl":{"start":{"line":178,"column":48},"end":{"line":178,"column":57}},"loc":{"start":{"line":178,"column":69},"end":{"line":233,"column":9}},"line":178},"23":{"name":"cancelTrip","decl":{"start":{"line":236,"column":15},"end":{"line":236,"column":25}},"loc":{"start":{"line":236,"column":36},"end":{"line":238,"column":7}},"line":236}},"branchMap":{"0":{"loc":{"start":{"line":12,"column":46},"end":{"line":12,"column":94}},"type":"cond-expr","locations":[{"start":{"line":12,"column":70},"end":{"line":12,"column":73}},{"start":{"line":12,"column":76},"end":{"line":12,"column":94}}],"line":12},"1":{"loc":{"start":{"line":12,"column":46},"end":{"line":12,"column":67}},"type":"binary-expr","locations":[{"start":{"line":12,"column":46},"end":{"line":12,"column":49}},{"start":{"line":12,"column":53},"end":{"line":12,"column":67}}],"line":12},"2":{"loc":{"start":{"line":14,"column":176},"end":{"line":14,"column":263}},"type":"if","locations":[{"start":{"line":14,"column":176},"end":{"line":14,"column":263}},{"start":{"line":14,"column":176},"end":{"line":14,"column":263}}],"line":14},"3":{"loc":{"start":{"line":18,"column":50},"end":{"line":18,"column":151}},"type":"if","locations":[{"start":{"line":18,"column":50},"end":{"line":18,"column":151}},{"start":{"line":18,"column":50},"end":{"line":18,"column":151}}],"line":18},"4":{"loc":{"start":{"line":20,"column":136},"end":{"line":20,"column":166}},"type":"binary-expr","locations":[{"start":{"line":20,"column":136},"end":{"line":20,"column":157}},{"start":{"line":20,"column":161},"end":{"line":20,"column":166}}],"line":20},"5":{"loc":{"start":{"line":20,"column":200},"end":{"line":20,"column":254}},"type":"if","locations":[{"start":{"line":20,"column":200},"end":{"line":20,"column":254}},{"start":{"line":20,"column":200},"end":{"line":20,"column":254}}],"line":20},"6":{"loc":{"start":{"line":22,"column":62},"end":{"line":22,"column":131}},"type":"if","locations":[{"start":{"line":22,"column":62},"end":{"line":22,"column":131}},{"start":{"line":22,"column":62},"end":{"line":22,"column":131}}],"line":22},"7":{"loc":{"start":{"line":22,"column":132},"end":{"line":22,"column":193}},"type":"if","locations":[{"start":{"line":22,"column":132},"end":{"line":22,"column":193}},{"start":{"line":22,"column":132},"end":{"line":22,"column":193}}],"line":22},"8":{"loc":{"start":{"line":50,"column":12},"end":{"line":88,"column":13}},"type":"switch","locations":[{"start":{"line":51,"column":14},"end":{"line":60,"column":20}},{"start":{"line":62,"column":14},"end":{"line":67,"column":73}},{"start":{"line":69,"column":14},"end":{"line":75,"column":20}},{"start":{"line":77,"column":14},"end":{"line":83,"column":20}},{"start":{"line":85,"column":14},"end":{"line":85,"column":22}},{"start":{"line":86,"column":14},"end":{"line":87,"column":39}}],"line":50},"9":{"loc":{"start":{"line":52,"column":16},"end":{"line":55,"column":17}},"type":"if","locations":[{"start":{"line":52,"column":16},"end":{"line":55,"column":17}},{"start":{"line":52,"column":16},"end":{"line":55,"column":17}}],"line":52},"10":{"loc":{"start":{"line":118,"column":12},"end":{"line":155,"column":13}},"type":"switch","locations":[{"start":{"line":119,"column":14},"end":{"line":122,"column":62}},{"start":{"line":124,"column":14},"end":{"line":136,"column":20}},{"start":{"line":138,"column":14},"end":{"line":142,"column":20}},{"start":{"line":144,"column":14},"end":{"line":
[...]
8}},"139":{"start":{"line":184,"column":6},"end":{"line":184,"column":47}},"140":{"start":{"line":185,"column":6},"end":{"line":185,"column":66}},"141":{"start":{"line":186,"column":6},"end":{"line":186,"column":13}},"142":{"start":{"line":189,"column":2},"end":{"line":199,"column":5}},"143":{"start":{"line":190,"column":4},"end":{"line":198,"column":7}},"144":{"start":{"line":191,"column":17},"end":{"line":191,"column":25}},"145":{"start":{"line":192,"column":6},"end":{"line":192,"column":42}},"146":{"start":{"line":193,"column":6},"end":{"line":193,"column":43}},"147":{"start":{"line":194,"column":6},"end":{"line":194,"column":38}},"148":{"start":{"line":195,"column":6},"end":{"line":195,"column":48}},"149":{"start":{"line":196,"column":6},"end":{"line":196,"column":47}},"150":{"start":{"line":197,"column":6},"end":{"line":197,"column":13}},"151":{"start":{"line":200,"column":2},"end":{"line":210,"column":5}},"152":{"start":{"line":201,"column":4},"end":{"line":209,"column":7}},"153":{"start":{"line":202,"column":17},"end":{"line":202,"column":25}},"154":{"start":{"line":203,"column":6},"end":{"line":203,"column":42}},"155":{"start":{"line":204,"column":6},"end":{"line":204,"column":43}},"156":{"start":{"line":205,"column":6},"end":{"line":205,"column":38}},"157":{"start":{"line":206,"column":6},"end":{"line":206,"column":48}},"158":{"start":{"line":207,"column":6},"end":{"line":207,"column":47}},"159":{"start":{"line":208,"column":6},"end":{"line":208,"column":13}},"160":{"start":{"line":211,"column":2},"end":{"line":221,"column":5}},"161":{"start":{"line":212,"column":4},"end":{"line":220,"column":7}},"162":{"start":{"line":213,"column":17},"end":{"line":213,"column":25}},"163":{"start":{"line":214,"column":6},"end":{"line":214,"column":42}},"164":{"start":{"line":215,"column":6},"end":{"line":215,"column":43}},"165":{"start":{"line":216,"column":6},"end":{"line":216,"column":38}},"166":{"start":{"line":217,"column":6},"end":{"line":217,"column":48}},"167":{"start":{"line":218,"column":6},"end":{"line":218,"column":47}},"168":{"start":{"line":219,"column":6},"end":{"line":219,"column":13}},"169":{"start":{"line":222,"column":2},"end":{"line":232,"column":5}},"170":{"start":{"line":223,"column":4},"end":{"line":231,"column":7}},"171":{"start":{"line":224,"column":17},"end":{"line":224,"column":25}},"172":{"start":{"line":225,"column":6},"end":{"line":225,"column":42}},"173":{"start":{"line":226,"column":6},"end":{"line":226,"column":43}},"174":{"start":{"line":227,"column":6},"end":{"line":227,"column":38}},"175":{"start":{"line":228,"column":6},"end":{"line":228,"column":48}},"176":{"start":{"line":229,"column":6},"end":{"line":229,"column":47}},"177":{"start":{"line":230,"column":6},"end":{"line":230,"column":13}},"178":{"start":{"line":233,"column":2},"end":{"line":244,"column":5}},"179":{"start":{"line":234,"column":4},"end":{"line":243,"column":7}},"180":{"start":{"line":235,"column":17},"end":{"line":235,"column":25}},"181":{"start":{"line":236,"column":6},"end":{"line":236,"column":42}},"182":{"start":{"line":237,"column":6},"end":{"line":237,"column":43}},"183":{"start":{"line":238,"column":6},"end":{"line":238,"column":38}},"184":{"start":{"line":239,"column":6},"end":{"line":239,"column":48}},"185":{"start":{"line":240,"column":6},"end":{"line":240,"column":47}},"186":{"start":{"line":241,"column":6},"end":{"line":241,"column":59}},"187":{"start":{"line":242,"column":6},"end":{"line":242,"column":13}}},"fnMap":{"0":{"name":"_interopRequireDefault","decl":{"start":{"line":11,"column":9},"end":{"line":11,"column":31}},"loc":{"start":{"line":11,"column":37},"end":{"line":11,"column":97}},"line":11},"1":{"name":"(anonymous_1)","decl":{"start":{"line":21,"column":36},"end":{"line":21,"column":37}},"loc":{"start":{"line":21,"column":48},"end":{"line":153,"column":1}},"line":21},"2":{"name":"(anonymous_2)","decl":{"start":{"line":22,"column":40},"end":{"line":22,"column":41}},"loc":{"start":{"line":22,"column":56},"end":{"line":28,"column":3}},"line":22},"3":{"name":"(anonymous_3)","decl":{"start":{"line":23,"column":94},"end":{"line":23,"column":95}},"loc":{"start":{"line":23,"column":114},"end":{"line":27,"column":5}},"line":23},"4":{"name":"(anonymous_4)","decl":{"start":{"line":29,"column":51},"end":{"line":29,"column":52}},"loc":{"start":{"line":29,"column":67},"end":{"line":36,"column":3}},"line":29},"5":{"name":"(anonymous_5)","decl":{"start":{"line":30,"column":101},"end":{"line":30,"column":102}},"loc":{"start":{"line":30,"column":121},"end":{"line":35,"column":5}},"line":30},"6":{"name":"(anonymous_6)","decl":{"start":{"line":37,"column":61},"end":{"line":37,"column":62}},"loc":{"start":{"line":37,"column":77},"end":{"line":42,"column":3}},"line":37},"7":{"name":"(anonymous_7)","decl":{"start":{"line":38,"column":105},"end":{"line":38,"column":106}},"loc":{"start":{"line":38,"column":125},"end":{"line":41,"column":5}},"line":38},"8":{"name":"(anonymous_8)","decl":{"start":{"line":43,"column":55},"end":{"line":43,"column":56}},"loc":{"start":{"line":43,"column":71},"end":{"line":52,"column":3}},"line":43},"9":{"name":"(anonymous_9)","decl":{"start":{"line":44,"column":108},"end":{"line":44,"column":109}},"loc":{"start":{"line":44,"column":128},"end":{"line":51,"column":5}},"line":44},"10":{"name":"(anonymous_10)","decl":{"start":{"line":53,"column":48},"end":{"line":53,"column":49}},"loc":{"start":{"line":53,"column":64},"end":{"line":62,"column":3}},"line":53},"11":{"name":"(anonymous_11)","decl":{"start":{"line":54,"column":100},"end":{"line":54,"column":101}},"loc":{"start":{"line":54,"column":120},"end":{"line":61,"column":5}},"line":54},"12":{"name":"(anonymous_12)","decl":{"start":{"line":63,"column":61},"end":{"line":63,"column":62}},"loc":{"start":{"line":63,"column":77},"end":{"line":72,"column":3}},"line":63},"13":{"name":"(anonymous_13)","decl":{"start":{"line":64,"column":104},"end":{"line":64,"column":105}},"loc":{"start":{"line":64,"column":124},"end":{"line":71,"column":5}},"line":64},"14":{"name":"(anonymous_14)","decl":{"start":{"line":73,"column":65},"end":{"line":73,"column":66}},"loc":{"start":{"line":73,"column":81},"end":{"line":82,"column":3}},"line":73},"15":{"name":"(anonymous_15)","decl":{"start":{"line":74,"column":107},"end":{"line":74,"column":108}},"loc":{"start":{"line":74,"column":127},"end":{"line":81,"column":5}},"line":74},"16":{"name":"(anonymous_16)","decl":{"start":{"line":83,"column":46},"end":{"line":83,"column":47}},"loc":{"start":{"line":83,"column":62},"end":{"line":92,"column":3}},"line":83},"17":{"name":"(anonymous_17)","decl":{"start":{"line":84,"column":97},"end":{"line":84,"column":98}},"loc":{"start":{"line":84,"column":117},"end":{"line":91,"column":5}},"line":84},"18":{"name":"(anonymous_18)","decl":{"start":{"line":93,"column":62},"end":{"line":93,"column":63}},"loc":{"start":{"line":93,"column":78},"end":{"line":102,"column":3}},"line":93},"19":{"name":"(anonymous_19)","decl":{"start":{"line":94,"column":104},"end":{"line":94,"column":105}},"loc":{"start":{"line":94,"column":124},"end":{"line":101,"column":5}},"line":94},"20":{"name":"(anonymous_20)","decl":{"start":{"line":103,"column":57},"end":{"line":103,"column":58}},"loc":{"start":{"line":103,"column":73},"end":{"line":112,"column":3}},"line":103},"21":{"name":"(anonymous_21)","decl":{"start":{"line":104,"column":96},"end":{"line":104,"column":97}},"loc":{"start":{"line":104,"column":116},"end":{"line":111,"column":5}},"line":104},"22":{"name":"(anonymous_22)","decl":{"start":{"line":113,"column":56},"end":{"line":113,"column":57}},"loc":{"start":{"line":113,"column":72},"end":{"line":122,"column":3}},"line":113},"23":{"name":"(anonymous_23)","decl":{"start":{"line":114,"column":100},"end":{"line":114,"column":101}},"loc":{"start":{"line":114,"column":120},"end":{"line":121,"column":5}},"line":114},"24":{"name":"(anonymous_24)","decl":{"start":{"line":123,"column":71},"end":{"line":123,"column":72}},"loc":{"start":{"line":123,"column":87},"end":{"line":132,"column":3}},"line":123},"25":{"name":"(anonymous_25)","decl":{"start":{"line":124,"column":104},"end":{"line":124,"column":105}},"loc":{"start":{"line":124,"column":124},"end":{"line":131,"column":5}},"line":124},"26":{"name":"(anonymous_26)","decl":{"start":{"line":133,"column":44},"end":{"line":133,"column":45}},"loc":{"start":{"line":133,"column":60},"end":{"line":142,"column":3}},"line":133},"27":{"name":"(anonymous_27)","decl":{"start":{"line":134,"column":93},"end":{"line":134,"column":94}},"loc":{"start":{"line":134,"column":113},"end":{"line":141,"column":5}},"line":134},"28":{"name":"(anonymous_28)","decl":{"start":{"line":143,"column":49},"end":{"line":143,"column":50}},"loc":{"start":{"line":143,"column":65},"end":{"line":152,"column":3}},"line":143},"29":{"name":"(anonymous_29)","decl":{"start":{"line":144,"column":97},"end":{"line":144,"column":98}},"loc":{"start":{"line":144,"column":117},"end":{"line":151,"column":5}},"line":144},"30":{"name":"(anonymous_30)","decl":{"start":{"line":154,"column":36},"end":{"line":154,"column":37}},"loc":{"start":{"line":154,"column":48},"end":{"line":245,"column":1}},"line":154},"31":{"name":"(anonymous_31)","decl":{"start":{"line":155,"column":39},"end":{"line":155,"column":40}},"loc":{"start":{"line":155,"column":55},"end":{"line":164,"column":3}},"line":155},"32":{"name":"(anonymous_32)","decl":{"start":{"line":156,"column":95},"end":{"line":156,"column":96}},"loc":{"start":{"line":156,"column":115},"end":{"line":163,"column":5}},"line":156},"33":{"name":"(anonymous_33)","decl":{"start":{"line":165,"column":43},"end":{"line":165,"column":44}},"loc":{"start":{"line":165,"column":59},"end":{"line":176,"column":3}},"line":165},"34":{"name":"(anonymous_34)","decl":{"start":{"line":166,"column":102},"end":{"line":166,"column":103}},"loc":{"start":{"line":166,"column":122},"end":{"line":175,"column":5}},"line":166},"35":{"name":"(anonymous_35)","decl":{"start":{"line":177,"column":43},"end":{"line":177,"column":44}},"loc":{"start":{"line":177,"column":59},"end":{"line":188,"column":3}},"line":177},"36":{"name":"(anonymous_36)","decl":{"start":{"line":178,"column":102},"end":{"line":178,"column":103}},"loc":{"start":{"line":178,"column":122},"end":{"line":187,"column":5}},"line":178},"37":{"name":"(anonymous_37)","decl":{"start":{"line":189,"column":41},"end":{"line":189,"column":42}},"loc":{"start":{"line":189,"column":57},"end":{"line":199,"column":3}},"line":189},"38":{"name":"(anonymous_38)","decl":{"start":{"line":190,"column":105},"end":{"line":190,"column":106}},"loc":{"start":{"line":190,"column":125},"end":{"line":198,"column":5}},"line":190},"39":{"name":"(anonymous_39)","decl":{"start":{"line":200,"column":45},"end":{"line":200,"column":46}},"loc":{"start":{"line":200,"column":61},"end":{"line":210,"column":3}},"line":200},"40":{"name":"(anonymous_40)","decl":{"start":{"line":201,"column":99},"end":{"line":201,"column":100}},"loc":{"start":{"line":201,"column":119},"end":{"line":209,"column":5}},"line":201},"41":{"name":"(anonymous_41)","decl":{"start":{"line":211,"column":50},"end":{"line":211,"column":51}},"loc":{"start":{"line":211,"column":66},"end":{"line":221,"column":3}},"line":211},"42":{"name":"(anonymous_42)","decl":{"start":{"line":212,"column":101},"end":{"line":212,"column":102}},"loc":{"start":{"line":212,"column":121},"end":{"line":220,"column":5}},"line":212},"43":{"name":"(anonymous_43)","decl":{"start":{"line":222,"column":47},"end":{"line":222,"column":48}},"loc":{"start":{"line":222,"column":63},"end":{"line":232,"column":3}},"line":222},"44":{"name":"(anonymous_44)","decl":{"start":{"line":223,"column":98},"end":{"line":223,"column":99}},"loc":{"start":{"line":223,"column":118},"end":{"line":231,"column":5}},"line":223},"45":{"name":"(anonymous_45)","decl":{"start":{"line":233,"column":57},"end":{"line":233,"column":58}},"loc":{"start":{"line":233,"column":73},"end":{"line":244,"column":3}},"line":233},"46":{"name":"(anonymous_46)","decl":{"start":{"line":234,"column":112},"end":{"line":234,"column":113}},"loc":{"start":{"line":234,"column":132},"end":{"line":243,"column":5}},"line":234}},"branchMap":{"0":{"loc":{"start":{"line":11,"column":46},"end":{"line":11,"column":94}},"type":"cond-expr","locations":[{"start":{"line":11,"column":70},"end":{"line":11,"column":73}},{"start":{"line":11,"column":76},"end":{"line":11,"column":94}}],"line":11},"1":{"loc":{"start":{"line":11,"column":46},"end":{"line":11,"column":67}},"type":"binary-expr","locations":[{"start":{"line":11,"column":46},"end":{"line":11,"column":49}},{"start":{"line":11,"column":53},"end":{"line":11,"column":67}}],"line":11}},"s":{"0":1,"1":1,"2":1,"3":1,"4":3,"5":1,"6":1,"7":1,"8":1,"9":1,"10":1,"11":1,"12":1,"13":1,"14":1,"15":1,"16":1,"17":1,"18":1,"19":1,"20":1,"21":1,"22":1,"23":1,"24":1,"25":1,"26":1,"27":1,"28":1,"29":1,"30":1,"31":1,"32":1,"33":1,"34":1,"35":1,"36":1,"37":1,"38":1,"39":1,"40":1,"41":1,"42":1,"43":1,"44":1,"45":1,"46":1,"47":1,"48":1,"49":1,"50":1,"51":1,"52":1,"53":1,"54":1,"55":1,"56":1,"57":1,"58":1,"59":1,"60":1,"61":1,"62":1,"63":1,"64":1,"65":1,"66":1,"67":1,"68":1,"69":1,"70":1,"71":1,"72":1,"73":1,"74":1,"75":1,"76":1,"77":1,"78":1,"79":1,"80":1,"81":1,"82":1,"83":1,"84":1,"85":1,"86":1,"87":1,"88":1,"89":1,"90":1,"91":1,"92":1,"93":1,"94":1,"95":1,"96":1,"97":1,"98":1,"99":1,"100":1,"101":1,"102":1,"103":1,"104":1,"105":1,"106":1,"107":1,"108":1,"109":1,"110":1,"111":1,"112":1,"113":1,"114":1,"115":1,"116":1,"117":1,"118":1,"119":1,"120":1,"121":1,"122":1,"123":1,"124":1,"125":1,"126":1,"127":1,"128":1,"129":1,"130":1,"131":1,"132":1,"133":1,"134":1,"135":1,"136":1,"137":1,"138":1,"139":1,"140":1,"141":1,"142":1,"143":1,"144":1,"145":1,"146":1,"147":1,"148":1,"149":1,"150":1,"151":1,"152":1,"153":1,"154":1,"155":1,"156":1,"157":1,"158":1,"159":1,"160":1,"161":1,"162":1,"163":1,"164":1,"165":1,"166":1,"167":1,"168":1,"169":1,"170":1,"171":1,"172":1,"173":1,"174":1,"175":1,"176":1,"177":1,"178":1,"179":1,"180":1,"181":1,"182":1,"183":1,"184":1,"185":1,"186":1,"187":1},"f":{"0":3,"1":1,"2":1,"3":1,"4":1,"5":1,"6":1,"7":1,"8":1,"9":1,"10":1,"11":1,"12":1,"13":1,"14":1,"15":1,"16":1,"17":1,"18":1,"19":1,"20":1,"21":1,"22":1,"23":1,"24":1,"25":1,"26":1,"27":1,"28":1,"29":1,"30":1,"31":1,"32":1,"33":1,"34":1,"35":1,"36":1,"37":1,"38":1,"39":1,"40":1,"41":1,"42":1,"43":1,"44":1,"45":1,"46":1},"b":{"0":[1,2],"1":[3,3]},"_coverageSchema":"43e27e138ebf9cfc5966b082cf9a028302ed4184","hash":"a48adc9315a7dc20461f0b143dc3797dffa5de8b","contentHash":"690c2a51c6066c1394405697842ed2de3cfe05fac89ef5c49ef2764988809d57"},"C:\\Users\\User\\Desktop\\BOOT-CAMP\\way-farer\\server\\test\\mockData\\mockUser.js":{"path":"C:\\Users\\User\\Desktop\\BOOT-CAMP\\way-farer\\server\\test\\mockData\\mockUser.js","statementMap":{"0":{"start":{"line":3,"column":0},"end":{"line":5,"column":3}},"1":{"start":{"line":6,"column":0},"end":{"line":6,"column":760}},"2":{"start":{"line":8,"column":13},"end":{"line":8,"column":53}},"3":{"start":{"line":10,"column":39},"end":{"line":10,"column":95}},"4":{"start":{"line":12,"column":18},"end":{"line":17,"column":1}},"5":{"start":{"line":18,"column":0},"end":{"line":18,"column":34}},"6":{"start":{"line":19,"column":25},"end":{"line":23,"column":1}},"7":{"start":{"line":24,"column":0},"end":{"line":24,"column":48}},"8":{"start":{"line":25,"column":21},"end":{"line":30,"column":1}},"9":{"start":{"line":31,"column":0},"end":{"line":31,"column":40}},"10":{"start":{"line":32,"column":29},"end":{"line":37,"column":1}},"11":{"start":{"line":38,"column":0},"end":{"line":38,"column":56}},"12":{"start":{"line":39,"column":32},"end":{"line":44,"column":1}},"13":{"start":{"line":45,"column":0},"end":{"line":45,"column":62}},"14":{"start":{"line":46,"column":24},"end":{"line":50,"column":1}},"15":{"start":{"line":51,"column":0},"end":{"line":51,"column":46}},"16":{"start":{"line":52,"column":20},"end":{"line":57,"column":1}},"17":{"start":{"line":58,"column":0},"end":{"line":58,"column":38}},"18":{"start":{"line":59,"column":28},"end":{"line":64,"column":1}},"19":{"start":{"line":65,"column":0},"end":{"line":65,"column":54}},"20":{"start":{"line":66,"column":31},"end":{"line":71,"column":1}},"21":{"start":{"line":72,"column":0},"end":{"line":72,"column":60}},"22":{"start":{"line":73,"column":21},"end":{"line":77,"column":1}},"23":{"start":{"line":78,"column":0},"end":{"line":78,"column":40}},"24":{"start":{"line":79,"column":17},"end":{"line":84,"column":1}},"25":{"start":{"line":85,"column":0},"end":{"line":85,"column":32}},"26":{"start":{"line":86,"column":23},"end":{"line":91,"column":1}},"27":{"start":{"line":92,"column":0},"end":{"line":92,"column":44}},"28":{"start":{"line":93,"column":30},"end":{"line":99,"column":1}},"29":{"start":{"line":100,"column":0},"end":{"line":100,"column":58}},"30":{"start":{"line":101,"column":25},"end":{"line":106,"column":1}},"31":{"start":{"line":107,"column":0},"end":{"line":107,"column":48}},"32":{"start":{"line":108,"column":28},"end":{"line":113,"column":1}},"33":{"start":{"line":114,"column":0},"end":{"line":114,"column":54}},"34":{"start":{"line":115,"column":20},"end":{"line":120,"column":1}},"35":{"start":{"line":121,"column":0},"end":{"line":121,"column":38}},"36":{"start":{"line":122,"column":24},"end":{"line":126,"column":1}},"37":{"start":{"line":127,"column":0},"end":{"line":127,"column":46}},"38":{"start":{"line":128,"column":28},"end":{"line":133,"column":1}},"39":{"start":{"line":134,"column":0},"end":{"line":134,"column":54}},"40":{"start":{"line":135,"column":25},"end":{"line":140,"column":1}},"41":{"start":{"line":141,"column":0},"end":{"line":141,"column":48}},"42":{"start":{"line":142,"column":19},"end":{"line":145,"column":1}},"43":{"start":{"line":146,"column":0},"end":{"line":146,"column":36}},"44":{"start":{"line":147,"column":26},"end":{"line":149,"column":1}},"45":{"start":{"line":150,"column":0},"end":{"line":150,"column":50}},"46":{"start":{"line":151,"column":23},"end":{"line":154,"column":1}},"47":{"start":{"line":155,"column":0},"end":{"line":155,"column":44}},"48":{"start":{"line":156,"column":29},"end":{"line":158,"column":1}},"49":{"start":{"line":159,"column":0},"end":{"line":159,"column":56}},"50":{"start":{"line":160,"column":25},"end":{"line":163,"column":1}},"51":{"start":{"line":164,"column":0},"end":{"line":164,"column":48}},"52":{"start":{"line":165,"column":22},"end":{"line":168,"column":1}},"53":{"start":{"line":169,"column":0},"end":{"line":169,"column":42}},"54":{"start":{"line":170,"column":36},"end":{"line":173,"column":1}},"55":{"start":{"line":174,"column":0},"end":{"line":174,"column":70}}},"fnMap":{"0":{"name":"_interopRequireDefault","decl":{"start":{"line":10,"column":9},"end":{"line":10,"column":31}},"loc":{"start":{"line":10,"column":37},"end":{"line":10,"column":97}},"line":10}},"branchMap":{"0":{"loc":{"start":{"line":10,"column":46},"end":{"line":10,"column":94}},"type":"cond-expr","locations":[{"start":{"line":10,"column":70},"end":{"line":10,"column":73}},{"start":{"line":10,"column":76},"end":{"line":10,"column":94}}],"line":10},"1":{"loc":{"start":{"line":10,"column":46},"end":{"line":10,"column":67}},"type":"binary-expr","locations":[{"start":{"line":10,"column":46},"end":{"line":10,"column":49}},{"start":{"line":10,"column":53},"end":{"line":10,"column":67}}],"line":10}},"s":{"0":1,"1":1,"2":1,"3":1,"4":1,"5":1,"6":1,"7":1,"8":1,"9":1,"10":1,"11":1,"12":1,"13":1,"14":1,"15":1,"16":1,"17":1,"18":1,"19":1,"20":1,"21":1,"22":1,"23":1,"24":1,"25":1,"26":1,"27":1,"28":1,"29":1,"30":1,"31":1,"32":1,"33":1,"34":1,"35":1,"36":1,"37":1,"38":1,"39":1,"40":1,"41":1,"42":1,"43":1,"44":1,"45":1,"46":1,"47":1,"48":1,"49":1,"50":1,"51":1,"52":1,"53":1,"54":1,"55":1},"f":{"0":1},"b":{"0":[0,1],"1":[1,1]},"_coverageSchema":"43e27e138ebf9cfc5966b082cf9a028302ed4184","hash":"f259aab3eb1e2755c81ddcf97e413cfce271b70e","contentHash":"4e02f850f703b416e9888613b022ffdc6aa7fec83096ae2e66f1bc4f8a4600af"}}